[2026-04-01T06:45:02.234Z] [ERROR] 数据库连接池初始化失败 (1/5): DB_POOL_CONFIG is not defined
[2026-04-01T06:45:02.283Z] [INFO] 等待 2000ms 后重试...
[2026-04-01T06:45:04.298Z] [ERROR] 数据库连接池初始化失败 (2/5): DB_POOL_CONFIG is not defined
[2026-04-01T06:45:04.300Z] [INFO] 等待 4000ms 后重试...
[2026-04-01T06:45:08.305Z] [ERROR] 数据库连接池初始化失败 (3/5): DB_POOL_CONFIG is not defined
[2026-04-01T06:45:08.306Z] [INFO] 等待 6000ms 后重试...
[2026-04-01T06:45:14.323Z] [ERROR] 数据库连接池初始化失败 (4/5): DB_POOL_CONFIG is not defined
[2026-04-01T06:45:14.325Z] [INFO] 等待 8000ms 后重试...
[2026-04-01T06:45:22.338Z] [ERROR] 数据库连接池初始化失败 (5/5): DB_POOL_CONFIG is not defined
[2026-04-01T06:45:22.339Z] [ERROR] 达到最大重试次数，数据库连接池初始化失败
[2026-04-01T06:45:22.340Z] [INFO] 数据处理器初始化完成
[2026-04-01T06:45:38.922Z] [INFO] 数据库连接池初始化成功，连接ID: 151
[2026-04-01T06:45:38.925Z] [INFO] 数据处理器初始化完成
[2026-04-01T06:49:23.410Z] [INFO] 数据库连接池初始化成功，连接ID: 152
[2026-04-01T06:49:23.414Z] [INFO] 数据处理器初始化完成
[2026-04-01T06:55:44.952Z] [ERROR] 数据库连接池初始化失败 (1/5): DB_POOL_CONFIG is not defined
[2026-04-01T06:55:44.985Z] [INFO] 等待 2000ms 后重试...
[2026-04-01T06:55:47.001Z] [ERROR] 数据库连接池初始化失败 (2/5): DB_POOL_CONFIG is not defined
[2026-04-01T06:55:47.003Z] [INFO] 等待 4000ms 后重试...
[2026-04-01T06:55:51.004Z] [ERROR] 数据库连接池初始化失败 (3/5): DB_POOL_CONFIG is not defined
[2026-04-01T06:55:51.005Z] [INFO] 等待 6000ms 后重试...
[2026-04-01T06:55:57.016Z] [ERROR] 数据库连接池初始化失败 (4/5): DB_POOL_CONFIG is not defined
[2026-04-01T06:55:57.017Z] [INFO] 等待 8000ms 后重试...
[2026-04-01T06:56:05.027Z] [ERROR] 数据库连接池初始化失败 (5/5): DB_POOL_CONFIG is not defined
[2026-04-01T06:56:05.028Z] [ERROR] 达到最大重试次数，数据库连接池初始化失败
[2026-04-01T06:56:05.030Z] [INFO] 数据处理器初始化完成
[2026-04-01T06:56:53.176Z] [INFO] 数据库连接池初始化成功，连接ID: 154
[2026-04-01T06:56:53.179Z] [INFO] 数据处理器初始化完成
[2026-04-01T07:05:29.579Z] [INFO] 数据库连接池初始化成功，连接ID: 155
[2026-04-01T07:05:29.583Z] [INFO] 数据处理器初始化完成
[2026-04-01T07:34:03.192Z] [ERROR] 数据库连接池初始化失败 (1/5): DB_POOL_CONFIG is not defined
[2026-04-01T07:34:03.246Z] [INFO] 等待 2000ms 后重试...
[2026-04-01T07:34:05.261Z] [ERROR] 数据库连接池初始化失败 (2/5): DB_POOL_CONFIG is not defined
[2026-04-01T07:34:05.262Z] [INFO] 等待 4000ms 后重试...
[2026-04-01T07:34:09.276Z] [ERROR] 数据库连接池初始化失败 (3/5): DB_POOL_CONFIG is not defined
[2026-04-01T07:34:09.278Z] [INFO] 等待 6000ms 后重试...
[2026-04-01T07:38:16.183Z] [INFO] 数据库连接池初始化成功，连接ID: 158
[2026-04-01T07:38:16.187Z] [INFO] 数据处理器初始化完成
