[2026-04-21T02:52:08.371Z] [WARNING] 异常原始数据已保存到: C:\Users\ma170\Desktop\smart-project\socket\data\raw\2026-04-21.json
[2026-04-21T02:52:08.373Z] [WARNING] 异常原始数据已保存到: C:\Users\ma170\Desktop\smart-project\socket\data\raw\2026-04-21.json
[2026-04-21T02:52:08.374Z] [WARNING] 异常原始数据已保存到: C:\Users\ma170\Desktop\smart-project\socket\data\raw\2026-04-21.json
[2026-04-21T02:52:08.375Z] [WARNING] 异常原始数据已保存到: C:\Users\ma170\Desktop\smart-project\socket\data\raw\2026-04-21.json
[2026-04-21T02:52:08.389Z] [WARNING] 异常处理数据已保存到: C:\Users\ma170\Desktop\smart-project\socket\data\processed\2026-04-21.json
[2026-04-21T02:52:08.391Z] [WARNING] 异常处理数据已保存到: C:\Users\ma170\Desktop\smart-project\socket\data\processed\2026-04-21.json
[2026-04-21T02:52:08.391Z] [WARNING] 异常处理数据已保存到: C:\Users\ma170\Desktop\smart-project\socket\data\processed\2026-04-21.json
[2026-04-21T02:52:08.392Z] [WARNING] 异常处理数据已保存到: C:\Users\ma170\Desktop\smart-project\socket\data\processed\2026-04-21.json
[2026-04-21T02:52:11.160Z] [WARNING] 异常原始数据已保存到: C:\Users\ma170\Desktop\smart-project\socket\data\raw\2026-04-21.json
[2026-04-21T02:52:11.161Z] [WARNING] 异常原始数据已保存到: C:\Users\ma170\Desktop\smart-project\socket\data\raw\2026-04-21.json
[2026-04-21T02:52:11.162Z] [WARNING] 异常原始数据已保存到: C:\Users\ma170\Desktop\smart-project\socket\data\raw\2026-04-21.json
[2026-04-21T02:52:11.163Z] [WARNING] 异常原始数据已保存到: C:\Users\ma170\Desktop\smart-project\socket\data\raw\2026-04-21.json
[2026-04-21T02:52:11.164Z] [WARNING] 异常原始数据已保存到: C:\Users\ma170\Desktop\smart-project\socket\data\raw\2026-04-21.json
[2026-04-21T02:52:11.161Z] [WARNING] 异常原始数据已保存到: C:\Users\ma170\Desktop\smart-project\socket\data\raw\2026-04-21.json
[2026-04-21T02:52:11.165Z] [WARNING] 异常原始数据已保存到: C:\Users\ma170\Desktop\smart-project\socket\data\raw\2026-04-21.json
[2026-04-21T02:52:11.165Z] [WARNING] 异常原始数据已保存到: C:\Users\ma170\Desktop\smart-project\socket\data\raw\2026-04-21.json
[2026-04-21T02:52:11.166Z] [WARNING] 异常原始数据已保存到: C:\Users\ma170\Desktop\smart-project\socket\data\raw\2026-04-21.json
[2026-04-21T02:52:11.167Z] [WARNING] 异常原始数据已保存到: C:\Users\ma170\Desktop\smart-project\socket\data\raw\2026-04-21.json
[2026-04-21T02:52:11.178Z] [WARNING] 读取现有处理数据文件失败: Unexpected non-whitespace character after JSON at position 1673 (line 101 column 2)
[2026-04-21T02:52:11.179Z] [WARNING] 读取现有处理数据文件失败: Unexpected non-whitespace character after JSON at position 1673 (line 101 column 2)
[2026-04-21T02:52:11.180Z] [WARNING] 读取现有处理数据文件失败: Unexpected non-whitespace character after JSON at position 1673 (line 101 column 2)
[2026-04-21T02:52:11.179Z] [WARNING] 读取现有处理数据文件失败: Unexpected non-whitespace character after JSON at position 1673 (line 101 column 2)
[2026-04-21T02:52:11.181Z] [WARNING] 读取现有处理数据文件失败: Unexpected non-whitespace character after JSON at position 1673 (line 101 column 2)
[2026-04-21T02:52:11.182Z] [WARNING] 读取现有处理数据文件失败: Unexpected non-whitespace character after JSON at position 1673 (line 101 column 2)
[2026-04-21T02:52:11.182Z] [WARNING] 读取现有处理数据文件失败: Unexpected non-whitespace character after JSON at position 1673 (line 101 column 2)
[2026-04-21T02:52:11.183Z] [WARNING] 读取现有处理数据文件失败: Unexpected non-whitespace character after JSON at position 1673 (line 101 column 2)
[2026-04-21T02:52:11.187Z] [WARNING] 读取现有处理数据文件失败: Unexpected non-whitespace character after JSON at position 1673 (line 101 column 2)
[2026-04-21T02:52:11.188Z] [WARNING] 读取现有处理数据文件失败: Unexpected non-whitespace character after JSON at position 1673 (line 101 column 2)
[2026-04-21T02:52:11.190Z] [WARNING] 异常处理数据已保存到: C:\Users\ma170\Desktop\smart-project\socket\data\processed\2026-04-21.json
[2026-04-21T02:52:11.190Z] [WARNING] 异常处理数据已保存到: C:\Users\ma170\Desktop\smart-project\socket\data\processed\2026-04-21.json
[2026-04-21T02:52:11.191Z] [WARNING] 异常处理数据已保存到: C:\Users\ma170\Desktop\smart-project\socket\data\processed\2026-04-21.json
[2026-04-21T02:52:11.192Z] [WARNING] 异常处理数据已保存到: C:\Users\ma170\Desktop\smart-project\socket\data\processed\2026-04-21.json
[2026-04-21T02:52:11.195Z] [WARNING] 异常处理数据已保存到: C:\Users\ma170\Desktop\smart-project\socket\data\processed\2026-04-21.json
[2026-04-21T02:52:11.194Z] [WARNING] 异常处理数据已保存到: C:\Users\ma170\Desktop\smart-project\socket\data\processed\2026-04-21.json
[2026-04-21T02:52:11.195Z] [WARNING] 异常处理数据已保存到: C:\Users\ma170\Desktop\smart-project\socket\data\processed\2026-04-21.json
[2026-04-21T02:52:11.196Z] [WARNING] 异常处理数据已保存到: C:\Users\ma170\Desktop\smart-project\socket\data\processed\2026-04-21.json
[2026-04-21T02:52:11.203Z] [WARNING] 异常处理数据已保存到: C:\Users\ma170\Desktop\smart-project\socket\data\processed\2026-04-21.json
[2026-04-21T02:52:11.204Z] [WARNING] 异常处理数据已保存到: C:\Users\ma170\Desktop\smart-project\socket\data\processed\2026-04-21.json
[2026-04-21T02:52:13.936Z] [WARNING] 异常原始数据已保存到: C:\Users\ma170\Desktop\smart-project\socket\data\raw\2026-04-21.json
[2026-04-21T02:52:13.936Z] [WARNING] 异常原始数据已保存到: C:\Users\ma170\Desktop\smart-project\socket\data\raw\2026-04-21.json
[2026-04-21T02:52:13.937Z] [WARNING] 异常原始数据已保存到: C:\Users\ma170\Desktop\smart-project\socket\data\raw\2026-04-21.json
[2026-04-21T02:52:13.938Z] [WARNING] 异常原始数据已保存到: C:\Users\ma170\Desktop\smart-project\socket\data\raw\2026-04-21.json
[2026-04-21T02:52:13.938Z] [WARNING] 异常原始数据已保存到: C:\Users\ma170\Desktop\smart-project\socket\data\raw\2026-04-21.json
[2026-04-21T02:52:13.939Z] [WARNING] 异常原始数据已保存到: C:\Users\ma170\Desktop\smart-project\socket\data\raw\2026-04-21.json
[2026-04-21T02:52:13.939Z] [WARNING] 异常原始数据已保存到: C:\Users\ma170\Desktop\smart-project\socket\data\raw\2026-04-21.json
[2026-04-21T02:52:13.940Z] [WARNING] 异常原始数据已保存到: C:\Users\ma170\Desktop\smart-project\socket\data\raw\2026-04-21.json
[2026-04-21T02:52:13.940Z] [WARNING] 异常原始数据已保存到: C:\Users\ma170\Desktop\smart-project\socket\data\raw\2026-04-21.json
[2026-04-21T02:52:13.940Z] [WARNING] 异常原始数据已保存到: C:\Users\ma170\Desktop\smart-project\socket\data\raw\2026-04-21.json
[2026-04-21T02:52:13.944Z] [WARNING] 读取现有处理数据文件失败: Unexpected non-whitespace character after JSON at position 1665 (line 101 column 2)
[2026-04-21T02:52:13.946Z] [WARNING] 读取现有处理数据文件失败: Unexpected non-whitespace character after JSON at position 1665 (line 101 column 2)
[2026-04-21T02:52:13.945Z] [WARNING] 读取现有处理数据文件失败: Unexpected non-whitespace character after JSON at position 1665 (line 101 column 2)
[2026-04-21T02:52:13.947Z] [WARNING] 读取现有处理数据文件失败: Unexpected non-whitespace character after JSON at position 1665 (line 101 column 2)
[2026-04-21T02:52:13.948Z] [WARNING] 读取现有处理数据文件失败: Unexpected non-whitespace character after JSON at position 1665 (line 101 column 2)
[2026-04-21T02:52:13.948Z] [WARNING] 读取现有处理数据文件失败: Unexpected non-whitespace character after JSON at position 1665 (line 101 column 2)
[2026-04-21T02:52:13.949Z] [WARNING] 读取现有处理数据文件失败: Unexpected non-whitespace character after JSON at position 1665 (line 101 column 2)
[2026-04-21T02:52:13.947Z] [WARNING] 读取现有处理数据文件失败: Unexpected non-whitespace character after JSON at position 1665 (line 101 column 2)
[2026-04-21T02:52:13.950Z] [WARNING] 读取现有处理数据文件失败: Unexpected non-whitespace character after JSON at position 1665 (line 101 column 2)
[2026-04-21T02:52:13.950Z] [WARNING] 读取现有处理数据文件失败: Unexpected non-whitespace character after JSON at position 1665 (line 101 column 2)
[2026-04-21T02:52:13.953Z] [WARNING] 异常处理数据已保存到: C:\Users\ma170\Desktop\smart-project\socket\data\processed\2026-04-21.json
[2026-04-21T02:52:13.954Z] [WARNING] 异常处理数据已保存到: C:\Users\ma170\Desktop\smart-project\socket\data\processed\2026-04-21.json
[2026-04-21T02:52:13.955Z] [WARNING] 异常处理数据已保存到: C:\Users\ma170\Desktop\smart-project\socket\data\processed\2026-04-21.json
[2026-04-21T02:52:13.956Z] [WARNING] 异常处理数据已保存到: C:\Users\ma170\Desktop\smart-project\socket\data\processed\2026-04-21.json
[2026-04-21T02:52:13.956Z] [WARNING] 异常处理数据已保存到: C:\Users\ma170\Desktop\smart-project\socket\data\processed\2026-04-21.json
[2026-04-21T02:52:13.956Z] [WARNING] 异常处理数据已保存到: C:\Users\ma170\Desktop\smart-project\socket\data\processed\2026-04-21.json
[2026-04-21T02:52:13.957Z] [WARNING] 异常处理数据已保存到: C:\Users\ma170\Desktop\smart-project\socket\data\processed\2026-04-21.json
[2026-04-21T02:52:13.957Z] [WARNING] 异常处理数据已保存到: C:\Users\ma170\Desktop\smart-project\socket\data\processed\2026-04-21.json
[2026-04-21T02:52:13.958Z] [WARNING] 异常处理数据已保存到: C:\Users\ma170\Desktop\smart-project\socket\data\processed\2026-04-21.json
[2026-04-21T02:52:13.959Z] [WARNING] 异常处理数据已保存到: C:\Users\ma170\Desktop\smart-project\socket\data\processed\2026-04-21.json
[2026-04-21T02:52:16.686Z] [WARNING] 异常原始数据已保存到: C:\Users\ma170\Desktop\smart-project\socket\data\raw\2026-04-21.json
[2026-04-21T02:52:16.687Z] [WARNING] 异常原始数据已保存到: C:\Users\ma170\Desktop\smart-project\socket\data\raw\2026-04-21.json
[2026-04-21T02:52:16.689Z] [WARNING] 异常处理数据已保存到: C:\Users\ma170\Desktop\smart-project\socket\data\processed\2026-04-21.json
[2026-04-21T02:52:16.692Z] [WARNING] 异常处理数据已保存到: C:\Users\ma170\Desktop\smart-project\socket\data\processed\2026-04-21.json
[2026-04-21T02:52:27.727Z] [WARNING] 异常原始数据已保存到: C:\Users\ma170\Desktop\smart-project\socket\data\raw\2026-04-21.json
[2026-04-21T02:52:27.727Z] [WARNING] 异常原始数据已保存到: C:\Users\ma170\Desktop\smart-project\socket\data\raw\2026-04-21.json
[2026-04-21T02:52:27.728Z] [WARNING] 异常原始数据已保存到: C:\Users\ma170\Desktop\smart-project\socket\data\raw\2026-04-21.json
[2026-04-21T02:52:27.730Z] [WARNING] 读取现有处理数据文件失败: Unexpected end of JSON input
[2026-04-21T02:52:27.731Z] [WARNING] 异常处理数据已保存到: C:\Users\ma170\Desktop\smart-project\socket\data\processed\2026-04-21.json
[2026-04-21T02:52:27.731Z] [WARNING] 异常处理数据已保存到: C:\Users\ma170\Desktop\smart-project\socket\data\processed\2026-04-21.json
[2026-04-21T02:52:27.735Z] [WARNING] 异常处理数据已保存到: C:\Users\ma170\Desktop\smart-project\socket\data\processed\2026-04-21.json
[2026-04-21T02:52:30.469Z] [WARNING] 异常原始数据已保存到: C:\Users\ma170\Desktop\smart-project\socket\data\raw\2026-04-21.json
[2026-04-21T02:52:30.473Z] [WARNING] 异常处理数据已保存到: C:\Users\ma170\Desktop\smart-project\socket\data\processed\2026-04-21.json
[2026-04-21T02:52:30.483Z] [WARNING] 异常原始数据已保存到: C:\Users\ma170\Desktop\smart-project\socket\data\raw\2026-04-21.json
[2026-04-21T02:52:30.485Z] [WARNING] 异常原始数据已保存到: C:\Users\ma170\Desktop\smart-project\socket\data\raw\2026-04-21.json
[2026-04-21T02:52:30.485Z] [WARNING] 异常原始数据已保存到: C:\Users\ma170\Desktop\smart-project\socket\data\raw\2026-04-21.json
[2026-04-21T02:52:30.486Z] [WARNING] 异常原始数据已保存到: C:\Users\ma170\Desktop\smart-project\socket\data\raw\2026-04-21.json
[2026-04-21T02:52:30.487Z] [WARNING] 异常原始数据已保存到: C:\Users\ma170\Desktop\smart-project\socket\data\raw\2026-04-21.json
[2026-04-21T02:52:30.487Z] [WARNING] 异常原始数据已保存到: C:\Users\ma170\Desktop\smart-project\socket\data\raw\2026-04-21.json
[2026-04-21T02:52:30.487Z] [WARNING] 异常原始数据已保存到: C:\Users\ma170\Desktop\smart-project\socket\data\raw\2026-04-21.json
[2026-04-21T02:52:30.486Z] [WARNING] 异常原始数据已保存到: C:\Users\ma170\Desktop\smart-project\socket\data\raw\2026-04-21.json
[2026-04-21T02:52:30.488Z] [WARNING] 异常原始数据已保存到: C:\Users\ma170\Desktop\smart-project\socket\data\raw\2026-04-21.json
[2026-04-21T02:52:30.494Z] [WARNING] 异常处理数据已保存到: C:\Users\ma170\Desktop\smart-project\socket\data\processed\2026-04-21.json
[2026-04-21T02:52:30.495Z] [WARNING] 异常处理数据已保存到: C:\Users\ma170\Desktop\smart-project\socket\data\processed\2026-04-21.json
[2026-04-21T02:52:30.495Z] [WARNING] 异常处理数据已保存到: C:\Users\ma170\Desktop\smart-project\socket\data\processed\2026-04-21.json
[2026-04-21T02:52:30.496Z] [WARNING] 异常处理数据已保存到: C:\Users\ma170\Desktop\smart-project\socket\data\processed\2026-04-21.json
[2026-04-21T02:52:30.496Z] [WARNING] 异常处理数据已保存到: C:\Users\ma170\Desktop\smart-project\socket\data\processed\2026-04-21.json
[2026-04-21T02:52:30.497Z] [WARNING] 异常处理数据已保存到: C:\Users\ma170\Desktop\smart-project\socket\data\processed\2026-04-21.json
[2026-04-21T02:52:30.497Z] [WARNING] 异常处理数据已保存到: C:\Users\ma170\Desktop\smart-project\socket\data\processed\2026-04-21.json
[2026-04-21T02:52:30.498Z] [WARNING] 异常处理数据已保存到: C:\Users\ma170\Desktop\smart-project\socket\data\processed\2026-04-21.json
[2026-04-21T02:52:30.498Z] [WARNING] 异常处理数据已保存到: C:\Users\ma170\Desktop\smart-project\socket\data\processed\2026-04-21.json
[2026-04-21T02:52:33.222Z] [WARNING] 异常原始数据已保存到: C:\Users\ma170\Desktop\smart-project\socket\data\raw\2026-04-21.json
[2026-04-21T02:52:33.223Z] [WARNING] 异常原始数据已保存到: C:\Users\ma170\Desktop\smart-project\socket\data\raw\2026-04-21.json
[2026-04-21T02:52:33.223Z] [WARNING] 异常原始数据已保存到: C:\Users\ma170\Desktop\smart-project\socket\data\raw\2026-04-21.json
[2026-04-21T02:52:33.224Z] [WARNING] 异常原始数据已保存到: C:\Users\ma170\Desktop\smart-project\socket\data\raw\2026-04-21.json
[2026-04-21T02:52:33.224Z] [WARNING] 异常原始数据已保存到: C:\Users\ma170\Desktop\smart-project\socket\data\raw\2026-04-21.json
[2026-04-21T02:52:33.225Z] [WARNING] 异常原始数据已保存到: C:\Users\ma170\Desktop\smart-project\socket\data\raw\2026-04-21.json
[2026-04-21T02:52:33.224Z] [WARNING] 异常原始数据已保存到: C:\Users\ma170\Desktop\smart-project\socket\data\raw\2026-04-21.json
[2026-04-21T02:52:33.225Z] [WARNING] 异常原始数据已保存到: C:\Users\ma170\Desktop\smart-project\socket\data\raw\2026-04-21.json
[2026-04-21T02:52:33.225Z] [WARNING] 异常原始数据已保存到: C:\Users\ma170\Desktop\smart-project\socket\data\raw\2026-04-21.json
[2026-04-21T02:52:33.226Z] [WARNING] 异常原始数据已保存到: C:\Users\ma170\Desktop\smart-project\socket\data\raw\2026-04-21.json
[2026-04-21T02:52:33.229Z] [WARNING] 读取现有处理数据文件失败: Unexpected non-whitespace character after JSON at position 5010 (line 300 column 1)
[2026-04-21T02:52:33.229Z] [WARNING] 读取现有处理数据文件失败: Unexpected non-whitespace character after JSON at position 5010 (line 300 column 1)
[2026-04-21T02:52:33.230Z] [WARNING] 读取现有处理数据文件失败: Unexpected non-whitespace character after JSON at position 5010 (line 300 column 1)
[2026-04-21T02:52:33.231Z] [WARNING] 读取现有处理数据文件失败: Unexpected non-whitespace character after JSON at position 5010 (line 300 column 1)
[2026-04-21T02:52:33.230Z] [WARNING] 读取现有处理数据文件失败: Unexpected non-whitespace character after JSON at position 5010 (line 300 column 1)
[2026-04-21T02:52:33.231Z] [WARNING] 读取现有处理数据文件失败: Unexpected non-whitespace character after JSON at position 5010 (line 300 column 1)
[2026-04-21T02:52:33.232Z] [WARNING] 读取现有处理数据文件失败: Unexpected non-whitespace character after JSON at position 5010 (line 300 column 1)
[2026-04-21T02:52:33.233Z] [WARNING] 读取现有处理数据文件失败: Unexpected non-whitespace character after JSON at position 5010 (line 300 column 1)
[2026-04-21T02:52:33.231Z] [WARNING] 读取现有处理数据文件失败: Unexpected non-whitespace character after JSON at position 5010 (line 300 column 1)
[2026-04-21T02:52:33.233Z] [WARNING] 读取现有处理数据文件失败: Unexpected non-whitespace character after JSON at position 5010 (line 300 column 1)
[2026-04-21T02:52:33.238Z] [WARNING] 异常处理数据已保存到: C:\Users\ma170\Desktop\smart-project\socket\data\processed\2026-04-21.json
[2026-04-21T02:52:33.238Z] [WARNING] 异常处理数据已保存到: C:\Users\ma170\Desktop\smart-project\socket\data\processed\2026-04-21.json
[2026-04-21T02:52:33.239Z] [WARNING] 异常处理数据已保存到: C:\Users\ma170\Desktop\smart-project\socket\data\processed\2026-04-21.json
[2026-04-21T02:52:33.239Z] [WARNING] 异常处理数据已保存到: C:\Users\ma170\Desktop\smart-project\socket\data\processed\2026-04-21.json
[2026-04-21T02:52:33.240Z] [WARNING] 异常处理数据已保存到: C:\Users\ma170\Desktop\smart-project\socket\data\processed\2026-04-21.json
[2026-04-21T02:52:33.240Z] [WARNING] 异常处理数据已保存到: C:\Users\ma170\Desktop\smart-project\socket\data\processed\2026-04-21.json
[2026-04-21T02:52:33.241Z] [WARNING] 异常处理数据已保存到: C:\Users\ma170\Desktop\smart-project\socket\data\processed\2026-04-21.json
[2026-04-21T02:52:33.242Z] [WARNING] 异常处理数据已保存到: C:\Users\ma170\Desktop\smart-project\socket\data\processed\2026-04-21.json
[2026-04-21T02:52:33.242Z] [WARNING] 异常处理数据已保存到: C:\Users\ma170\Desktop\smart-project\socket\data\processed\2026-04-21.json
[2026-04-21T02:52:33.243Z] [WARNING] 异常处理数据已保存到: C:\Users\ma170\Desktop\smart-project\socket\data\processed\2026-04-21.json
[2026-04-21T02:52:36.071Z] [WARNING] 读取现有原始数据文件失败: Unexpected end of JSON input
[2026-04-21T02:52:36.071Z] [WARNING] 读取现有原始数据文件失败: Unexpected end of JSON input
[2026-04-21T02:52:36.072Z] [WARNING] 读取现有原始数据文件失败: Unexpected end of JSON input
[2026-04-21T02:52:36.073Z] [WARNING] 异常原始数据已保存到: C:\Users\ma170\Desktop\smart-project\socket\data\raw\2026-04-21.json
[2026-04-21T02:52:36.073Z] [WARNING] 异常原始数据已保存到: C:\Users\ma170\Desktop\smart-project\socket\data\raw\2026-04-21.json
[2026-04-21T02:52:36.074Z] [WARNING] 异常原始数据已保存到: C:\Users\ma170\Desktop\smart-project\socket\data\raw\2026-04-21.json
[2026-04-21T02:52:36.074Z] [WARNING] 异常原始数据已保存到: C:\Users\ma170\Desktop\smart-project\socket\data\raw\2026-04-21.json
[2026-04-21T02:52:36.074Z] [WARNING] 异常原始数据已保存到: C:\Users\ma170\Desktop\smart-project\socket\data\raw\2026-04-21.json
[2026-04-21T02:52:36.075Z] [WARNING] 异常原始数据已保存到: C:\Users\ma170\Desktop\smart-project\socket\data\raw\2026-04-21.json
[2026-04-21T02:52:36.075Z] [WARNING] 异常原始数据已保存到: C:\Users\ma170\Desktop\smart-project\socket\data\raw\2026-04-21.json
[2026-04-21T02:52:36.077Z] [WARNING] 异常原始数据已保存到: C:\Users\ma170\Desktop\smart-project\socket\data\raw\2026-04-21.json
[2026-04-21T02:52:36.078Z] [WARNING] 异常原始数据已保存到: C:\Users\ma170\Desktop\smart-project\socket\data\raw\2026-04-21.json
[2026-04-21T02:52:36.078Z] [WARNING] 异常原始数据已保存到: C:\Users\ma170\Desktop\smart-project\socket\data\raw\2026-04-21.json
[2026-04-21T02:52:36.079Z] [WARNING] 读取现有处理数据文件失败: Unexpected non-whitespace character after JSON at position 1676 (line 102 column 1)
[2026-04-21T02:52:36.080Z] [WARNING] 读取现有处理数据文件失败: Unexpected non-whitespace character after JSON at position 1676 (line 102 column 1)
[2026-04-21T02:52:36.081Z] [WARNING] 读取现有处理数据文件失败: Unexpected non-whitespace character after JSON at position 1676 (line 102 column 1)
[2026-04-21T02:52:36.081Z] [WARNING] 读取现有处理数据文件失败: Unexpected non-whitespace character after JSON at position 1676 (line 102 column 1)
[2026-04-21T02:52:36.081Z] [WARNING] 读取现有处理数据文件失败: Unexpected non-whitespace character after JSON at position 1676 (line 102 column 1)
[2026-04-21T02:52:36.082Z] [WARNING] 读取现有处理数据文件失败: Unexpected non-whitespace character after JSON at position 1676 (line 102 column 1)
[2026-04-21T02:52:36.082Z] [WARNING] 读取现有处理数据文件失败: Unexpected non-whitespace character after JSON at position 1676 (line 102 column 1)
[2026-04-21T02:52:36.084Z] [WARNING] 读取现有处理数据文件失败: Unexpected non-whitespace character after JSON at position 1676 (line 102 column 1)
[2026-04-21T02:52:36.085Z] [WARNING] 读取现有处理数据文件失败: Unexpected non-whitespace character after JSON at position 1676 (line 102 column 1)
[2026-04-21T02:52:36.085Z] [WARNING] 读取现有处理数据文件失败: Unexpected non-whitespace character after JSON at position 1676 (line 102 column 1)
[2026-04-21T02:52:36.087Z] [WARNING] 异常处理数据已保存到: C:\Users\ma170\Desktop\smart-project\socket\data\processed\2026-04-21.json
[2026-04-21T02:52:36.087Z] [WARNING] 异常处理数据已保存到: C:\Users\ma170\Desktop\smart-project\socket\data\processed\2026-04-21.json
[2026-04-21T02:52:36.088Z] [WARNING] 异常处理数据已保存到: C:\Users\ma170\Desktop\smart-project\socket\data\processed\2026-04-21.json
[2026-04-21T02:52:36.087Z] [WARNING] 异常处理数据已保存到: C:\Users\ma170\Desktop\smart-project\socket\data\processed\2026-04-21.json
[2026-04-21T02:52:36.088Z] [WARNING] 异常处理数据已保存到: C:\Users\ma170\Desktop\smart-project\socket\data\processed\2026-04-21.json
[2026-04-21T02:52:36.089Z] [WARNING] 异常处理数据已保存到: C:\Users\ma170\Desktop\smart-project\socket\data\processed\2026-04-21.json
[2026-04-21T02:52:36.089Z] [WARNING] 异常处理数据已保存到: C:\Users\ma170\Desktop\smart-project\socket\data\processed\2026-04-21.json
[2026-04-21T02:52:36.091Z] [WARNING] 异常处理数据已保存到: C:\Users\ma170\Desktop\smart-project\socket\data\processed\2026-04-21.json
[2026-04-21T02:52:36.092Z] [WARNING] 异常处理数据已保存到: C:\Users\ma170\Desktop\smart-project\socket\data\processed\2026-04-21.json
[2026-04-21T02:52:36.093Z] [WARNING] 异常处理数据已保存到: C:\Users\ma170\Desktop\smart-project\socket\data\processed\2026-04-21.json
[2026-04-21T02:52:38.816Z] [WARNING] 异常原始数据已保存到: C:\Users\ma170\Desktop\smart-project\socket\data\raw\2026-04-21.json
[2026-04-21T02:52:38.816Z] [WARNING] 异常原始数据已保存到: C:\Users\ma170\Desktop\smart-project\socket\data\raw\2026-04-21.json
[2026-04-21T02:52:38.817Z] [WARNING] 异常原始数据已保存到: C:\Users\ma170\Desktop\smart-project\socket\data\raw\2026-04-21.json
[2026-04-21T02:52:38.817Z] [WARNING] 异常原始数据已保存到: C:\Users\ma170\Desktop\smart-project\socket\data\raw\2026-04-21.json
[2026-04-21T02:52:38.818Z] [WARNING] 异常原始数据已保存到: C:\Users\ma170\Desktop\smart-project\socket\data\raw\2026-04-21.json
[2026-04-21T02:52:38.818Z] [WARNING] 异常原始数据已保存到: C:\Users\ma170\Desktop\smart-project\socket\data\raw\2026-04-21.json
[2026-04-21T02:52:38.818Z] [WARNING] 异常原始数据已保存到: C:\Users\ma170\Desktop\smart-project\socket\data\raw\2026-04-21.json
[2026-04-21T02:52:38.819Z] [WARNING] 异常原始数据已保存到: C:\Users\ma170\Desktop\smart-project\socket\data\raw\2026-04-21.json
[2026-04-21T02:52:38.819Z] [WARNING] 异常原始数据已保存到: C:\Users\ma170\Desktop\smart-project\socket\data\raw\2026-04-21.json
[2026-04-21T02:52:38.821Z] [WARNING] 异常原始数据已保存到: C:\Users\ma170\Desktop\smart-project\socket\data\raw\2026-04-21.json
[2026-04-21T02:52:38.828Z] [WARNING] 异常处理数据已保存到: C:\Users\ma170\Desktop\smart-project\socket\data\processed\2026-04-21.json
[2026-04-21T02:52:38.829Z] [WARNING] 异常处理数据已保存到: C:\Users\ma170\Desktop\smart-project\socket\data\processed\2026-04-21.json
[2026-04-21T02:52:38.831Z] [WARNING] 异常处理数据已保存到: C:\Users\ma170\Desktop\smart-project\socket\data\processed\2026-04-21.json
[2026-04-21T02:52:38.831Z] [WARNING] 异常处理数据已保存到: C:\Users\ma170\Desktop\smart-project\socket\data\processed\2026-04-21.json
[2026-04-21T02:52:38.832Z] [WARNING] 异常处理数据已保存到: C:\Users\ma170\Desktop\smart-project\socket\data\processed\2026-04-21.json
[2026-04-21T02:52:38.833Z] [WARNING] 异常处理数据已保存到: C:\Users\ma170\Desktop\smart-project\socket\data\processed\2026-04-21.json
[2026-04-21T02:52:38.833Z] [WARNING] 异常处理数据已保存到: C:\Users\ma170\Desktop\smart-project\socket\data\processed\2026-04-21.json
[2026-04-21T02:52:38.834Z] [WARNING] 异常处理数据已保存到: C:\Users\ma170\Desktop\smart-project\socket\data\processed\2026-04-21.json
[2026-04-21T02:52:38.835Z] [WARNING] 异常处理数据已保存到: C:\Users\ma170\Desktop\smart-project\socket\data\processed\2026-04-21.json
[2026-04-21T02:52:38.839Z] [WARNING] 异常处理数据已保存到: C:\Users\ma170\Desktop\smart-project\socket\data\processed\2026-04-21.json
[2026-04-21T02:52:41.559Z] [WARNING] 异常原始数据已保存到: C:\Users\ma170\Desktop\smart-project\socket\data\raw\2026-04-21.json
[2026-04-21T02:52:41.560Z] [WARNING] 异常原始数据已保存到: C:\Users\ma170\Desktop\smart-project\socket\data\raw\2026-04-21.json
[2026-04-21T02:52:41.566Z] [WARNING] 异常处理数据已保存到: C:\Users\ma170\Desktop\smart-project\socket\data\processed\2026-04-21.json
[2026-04-21T02:52:41.567Z] [WARNING] 异常处理数据已保存到: C:\Users\ma170\Desktop\smart-project\socket\data\processed\2026-04-21.json
[2026-04-21T02:52:41.567Z] [WARNING] 异常原始数据已保存到: C:\Users\ma170\Desktop\smart-project\socket\data\raw\2026-04-21.json
[2026-04-21T02:52:41.568Z] [WARNING] 异常原始数据已保存到: C:\Users\ma170\Desktop\smart-project\socket\data\raw\2026-04-21.json
[2026-04-21T02:52:41.569Z] [WARNING] 异常原始数据已保存到: C:\Users\ma170\Desktop\smart-project\socket\data\raw\2026-04-21.json
[2026-04-21T02:52:41.569Z] [WARNING] 异常原始数据已保存到: C:\Users\ma170\Desktop\smart-project\socket\data\raw\2026-04-21.json
[2026-04-21T02:52:41.570Z] [WARNING] 异常原始数据已保存到: C:\Users\ma170\Desktop\smart-project\socket\data\raw\2026-04-21.json
[2026-04-21T02:52:41.569Z] [WARNING] 异常原始数据已保存到: C:\Users\ma170\Desktop\smart-project\socket\data\raw\2026-04-21.json
[2026-04-21T02:52:41.571Z] [WARNING] 异常原始数据已保存到: C:\Users\ma170\Desktop\smart-project\socket\data\raw\2026-04-21.json
[2026-04-21T02:52:41.570Z] [WARNING] 异常原始数据已保存到: C:\Users\ma170\Desktop\smart-project\socket\data\raw\2026-04-21.json
[2026-04-21T02:52:41.579Z] [WARNING] 异常处理数据已保存到: C:\Users\ma170\Desktop\smart-project\socket\data\processed\2026-04-21.json
[2026-04-21T02:52:41.580Z] [WARNING] 异常处理数据已保存到: C:\Users\ma170\Desktop\smart-project\socket\data\processed\2026-04-21.json
[2026-04-21T02:52:41.580Z] [WARNING] 异常处理数据已保存到: C:\Users\ma170\Desktop\smart-project\socket\data\processed\2026-04-21.json
[2026-04-21T02:52:41.581Z] [WARNING] 异常处理数据已保存到: C:\Users\ma170\Desktop\smart-project\socket\data\processed\2026-04-21.json
[2026-04-21T02:52:41.581Z] [WARNING] 异常处理数据已保存到: C:\Users\ma170\Desktop\smart-project\socket\data\processed\2026-04-21.json
[2026-04-21T02:52:41.582Z] [WARNING] 异常处理数据已保存到: C:\Users\ma170\Desktop\smart-project\socket\data\processed\2026-04-21.json
[2026-04-21T02:52:41.582Z] [WARNING] 异常处理数据已保存到: C:\Users\ma170\Desktop\smart-project\socket\data\processed\2026-04-21.json
[2026-04-21T02:52:41.582Z] [WARNING] 异常处理数据已保存到: C:\Users\ma170\Desktop\smart-project\socket\data\processed\2026-04-21.json
[2026-04-21T02:52:44.387Z] [WARNING] 异常原始数据已保存到: C:\Users\ma170\Desktop\smart-project\socket\data\raw\2026-04-21.json
[2026-04-21T02:52:44.387Z] [WARNING] 异常原始数据已保存到: C:\Users\ma170\Desktop\smart-project\socket\data\raw\2026-04-21.json
[2026-04-21T02:52:44.388Z] [WARNING] 异常原始数据已保存到: C:\Users\ma170\Desktop\smart-project\socket\data\raw\2026-04-21.json
[2026-04-21T02:52:44.388Z] [WARNING] 异常原始数据已保存到: C:\Users\ma170\Desktop\smart-project\socket\data\raw\2026-04-21.json
[2026-04-21T02:52:44.389Z] [WARNING] 异常原始数据已保存到: C:\Users\ma170\Desktop\smart-project\socket\data\raw\2026-04-21.json
[2026-04-21T02:52:44.389Z] [WARNING] 异常原始数据已保存到: C:\Users\ma170\Desktop\smart-project\socket\data\raw\2026-04-21.json
[2026-04-21T02:52:44.390Z] [WARNING] 异常原始数据已保存到: C:\Users\ma170\Desktop\smart-project\socket\data\raw\2026-04-21.json
[2026-04-21T02:52:44.390Z] [WARNING] 异常原始数据已保存到: C:\Users\ma170\Desktop\smart-project\socket\data\raw\2026-04-21.json
[2026-04-21T02:52:44.390Z] [WARNING] 异常原始数据已保存到: C:\Users\ma170\Desktop\smart-project\socket\data\raw\2026-04-21.json
[2026-04-21T02:52:44.391Z] [WARNING] 异常原始数据已保存到: C:\Users\ma170\Desktop\smart-project\socket\data\raw\2026-04-21.json
[2026-04-21T02:52:44.394Z] [WARNING] 读取现有处理数据文件失败: Unexpected non-whitespace character after JSON at position 8332 (line 497 column 2)
[2026-04-21T02:52:44.394Z] [WARNING] 读取现有处理数据文件失败: Unexpected non-whitespace character after JSON at position 8332 (line 497 column 2)
[2026-04-21T02:52:44.395Z] [WARNING] 读取现有处理数据文件失败: Unexpected non-whitespace character after JSON at position 8332 (line 497 column 2)
[2026-04-21T02:52:44.395Z] [WARNING] 读取现有处理数据文件失败: Unexpected non-whitespace character after JSON at position 8332 (line 497 column 2)
[2026-04-21T02:52:44.396Z] [WARNING] 读取现有处理数据文件失败: Unexpected non-whitespace character after JSON at position 8332 (line 497 column 2)
[2026-04-21T02:52:44.397Z] [WARNING] 读取现有处理数据文件失败: Unexpected non-whitespace character after JSON at position 8332 (line 497 column 2)
[2026-04-21T02:52:44.397Z] [WARNING] 读取现有处理数据文件失败: Unexpected non-whitespace character after JSON at position 8332 (line 497 column 2)
[2026-04-21T02:52:44.398Z] [WARNING] 读取现有处理数据文件失败: Unexpected non-whitespace character after JSON at position 8332 (line 497 column 2)
[2026-04-21T02:52:44.399Z] [WARNING] 读取现有处理数据文件失败: Unexpected non-whitespace character after JSON at position 8332 (line 497 column 2)
[2026-04-21T02:52:44.399Z] [WARNING] 读取现有处理数据文件失败: Unexpected non-whitespace character after JSON at position 8332 (line 497 column 2)
[2026-04-21T02:52:44.403Z] [WARNING] 异常处理数据已保存到: C:\Users\ma170\Desktop\smart-project\socket\data\processed\2026-04-21.json
[2026-04-21T02:52:44.403Z] [WARNING] 异常处理数据已保存到: C:\Users\ma170\Desktop\smart-project\socket\data\processed\2026-04-21.json
[2026-04-21T02:52:44.404Z] [WARNING] 异常处理数据已保存到: C:\Users\ma170\Desktop\smart-project\socket\data\processed\2026-04-21.json
[2026-04-21T02:52:44.405Z] [WARNING] 异常处理数据已保存到: C:\Users\ma170\Desktop\smart-project\socket\data\processed\2026-04-21.json
[2026-04-21T02:52:44.405Z] [WARNING] 异常处理数据已保存到: C:\Users\ma170\Desktop\smart-project\socket\data\processed\2026-04-21.json
[2026-04-21T02:52:44.405Z] [WARNING] 异常处理数据已保存到: C:\Users\ma170\Desktop\smart-project\socket\data\processed\2026-04-21.json
[2026-04-21T02:52:44.406Z] [WARNING] 异常处理数据已保存到: C:\Users\ma170\Desktop\smart-project\socket\data\processed\2026-04-21.json
[2026-04-21T02:52:44.406Z] [WARNING] 异常处理数据已保存到: C:\Users\ma170\Desktop\smart-project\socket\data\processed\2026-04-21.json
[2026-04-21T02:52:44.406Z] [WARNING] 异常处理数据已保存到: C:\Users\ma170\Desktop\smart-project\socket\data\processed\2026-04-21.json
[2026-04-21T02:52:44.407Z] [WARNING] 异常处理数据已保存到: C:\Users\ma170\Desktop\smart-project\socket\data\processed\2026-04-21.json
[2026-04-21T02:52:47.109Z] [WARNING] 读取现有原始数据文件失败: Unexpected end of JSON input
[2026-04-21T02:52:47.109Z] [WARNING] 读取现有原始数据文件失败: Unexpected end of JSON input
[2026-04-21T02:52:47.109Z] [WARNING] 读取现有原始数据文件失败: Unexpected end of JSON input
[2026-04-21T02:52:47.110Z] [WARNING] 读取现有原始数据文件失败: Unexpected end of JSON input
[2026-04-21T02:52:47.110Z] [WARNING] 异常原始数据已保存到: C:\Users\ma170\Desktop\smart-project\socket\data\raw\2026-04-21.json
[2026-04-21T02:52:47.111Z] [WARNING] 异常原始数据已保存到: C:\Users\ma170\Desktop\smart-project\socket\data\raw\2026-04-21.json
[2026-04-21T02:52:47.112Z] [WARNING] 异常原始数据已保存到: C:\Users\ma170\Desktop\smart-project\socket\data\raw\2026-04-21.json
[2026-04-21T02:52:47.112Z] [WARNING] 异常原始数据已保存到: C:\Users\ma170\Desktop\smart-project\socket\data\raw\2026-04-21.json
[2026-04-21T02:52:47.113Z] [WARNING] 异常原始数据已保存到: C:\Users\ma170\Desktop\smart-project\socket\data\raw\2026-04-21.json
[2026-04-21T02:52:47.115Z] [WARNING] 异常原始数据已保存到: C:\Users\ma170\Desktop\smart-project\socket\data\raw\2026-04-21.json
[2026-04-21T02:52:47.115Z] [WARNING] 异常原始数据已保存到: C:\Users\ma170\Desktop\smart-project\socket\data\raw\2026-04-21.json
[2026-04-21T02:52:47.115Z] [WARNING] 异常原始数据已保存到: C:\Users\ma170\Desktop\smart-project\socket\data\raw\2026-04-21.json
[2026-04-21T02:52:47.116Z] [WARNING] 异常原始数据已保存到: C:\Users\ma170\Desktop\smart-project\socket\data\raw\2026-04-21.json
[2026-04-21T02:52:47.116Z] [WARNING] 异常原始数据已保存到: C:\Users\ma170\Desktop\smart-project\socket\data\raw\2026-04-21.json
[2026-04-21T02:52:47.118Z] [WARNING] 读取现有处理数据文件失败: Unexpected end of JSON input
[2026-04-21T02:52:47.120Z] [WARNING] 异常处理数据已保存到: C:\Users\ma170\Desktop\smart-project\socket\data\processed\2026-04-21.json
[2026-04-21T02:52:47.120Z] [WARNING] 异常处理数据已保存到: C:\Users\ma170\Desktop\smart-project\socket\data\processed\2026-04-21.json
[2026-04-21T02:52:47.120Z] [WARNING] 异常处理数据已保存到: C:\Users\ma170\Desktop\smart-project\socket\data\processed\2026-04-21.json
[2026-04-21T02:52:47.121Z] [WARNING] 异常处理数据已保存到: C:\Users\ma170\Desktop\smart-project\socket\data\processed\2026-04-21.json
[2026-04-21T02:52:47.121Z] [WARNING] 读取现有处理数据文件失败: Unexpected non-whitespace character after JSON at position 3354 (line 200 column 4)
[2026-04-21T02:52:47.122Z] [WARNING] 读取现有处理数据文件失败: Unexpected non-whitespace character after JSON at position 3354 (line 200 column 4)
[2026-04-21T02:52:47.123Z] [WARNING] 读取现有处理数据文件失败: Unexpected non-whitespace character after JSON at position 3354 (line 200 column 4)
[2026-04-21T02:52:47.124Z] [WARNING] 读取现有处理数据文件失败: Unexpected non-whitespace character after JSON at position 3354 (line 200 column 4)
[2026-04-21T02:52:47.125Z] [WARNING] 读取现有处理数据文件失败: Unexpected non-whitespace character after JSON at position 3354 (line 200 column 4)
[2026-04-21T02:52:47.127Z] [WARNING] 异常处理数据已保存到: C:\Users\ma170\Desktop\smart-project\socket\data\processed\2026-04-21.json
[2026-04-21T02:52:47.130Z] [WARNING] 异常处理数据已保存到: C:\Users\ma170\Desktop\smart-project\socket\data\processed\2026-04-21.json
[2026-04-21T02:52:47.130Z] [WARNING] 异常处理数据已保存到: C:\Users\ma170\Desktop\smart-project\socket\data\processed\2026-04-21.json
[2026-04-21T02:52:47.130Z] [WARNING] 异常处理数据已保存到: C:\Users\ma170\Desktop\smart-project\socket\data\processed\2026-04-21.json
[2026-04-21T02:52:47.131Z] [WARNING] 异常处理数据已保存到: C:\Users\ma170\Desktop\smart-project\socket\data\processed\2026-04-21.json
[2026-04-21T02:52:47.131Z] [WARNING] 异常处理数据已保存到: C:\Users\ma170\Desktop\smart-project\socket\data\processed\2026-04-21.json
[2026-04-21T02:52:49.930Z] [WARNING] 异常原始数据已保存到: C:\Users\ma170\Desktop\smart-project\socket\data\raw\2026-04-21.json
[2026-04-21T02:52:49.932Z] [WARNING] 异常原始数据已保存到: C:\Users\ma170\Desktop\smart-project\socket\data\raw\2026-04-21.json
[2026-04-21T02:52:49.932Z] [WARNING] 异常原始数据已保存到: C:\Users\ma170\Desktop\smart-project\socket\data\raw\2026-04-21.json
[2026-04-21T02:52:49.931Z] [WARNING] 异常原始数据已保存到: C:\Users\ma170\Desktop\smart-project\socket\data\raw\2026-04-21.json
[2026-04-21T02:52:49.933Z] [WARNING] 异常原始数据已保存到: C:\Users\ma170\Desktop\smart-project\socket\data\raw\2026-04-21.json
[2026-04-21T02:52:49.936Z] [WARNING] 读取现有处理数据文件失败: Unexpected end of JSON input
[2026-04-21T02:52:49.937Z] [WARNING] 读取现有处理数据文件失败: Unexpected end of JSON input
[2026-04-21T02:52:49.937Z] [WARNING] 异常处理数据已保存到: C:\Users\ma170\Desktop\smart-project\socket\data\processed\2026-04-21.json
[2026-04-21T02:52:49.940Z] [WARNING] 异常处理数据已保存到: C:\Users\ma170\Desktop\smart-project\socket\data\processed\2026-04-21.json
[2026-04-21T02:52:49.942Z] [WARNING] 异常处理数据已保存到: C:\Users\ma170\Desktop\smart-project\socket\data\processed\2026-04-21.json
[2026-04-21T02:52:49.941Z] [WARNING] 异常处理数据已保存到: C:\Users\ma170\Desktop\smart-project\socket\data\processed\2026-04-21.json
[2026-04-21T02:52:49.942Z] [WARNING] 异常处理数据已保存到: C:\Users\ma170\Desktop\smart-project\socket\data\processed\2026-04-21.json
[2026-04-21T02:53:46.105Z] [WARNING] 保存到数据库失败，第1次重试: Bind parameters must not contain undefined. To pass SQL NULL specify JS null
[2026-04-21T02:53:46.107Z] [WARNING] 保存到数据库失败，第1次重试: Bind parameters must not contain undefined. To pass SQL NULL specify JS null
[2026-04-21T02:53:47.111Z] [WARNING] 保存到数据库失败，第2次重试: Bind parameters must not contain undefined. To pass SQL NULL specify JS null
[2026-04-21T02:53:47.113Z] [WARNING] 保存到数据库失败，第2次重试: Bind parameters must not contain undefined. To pass SQL NULL specify JS null
[2026-04-21T02:53:49.126Z] [ERROR] 保存到数据库失败（重试3次后仍失败）: Bind parameters must not contain undefined. To pass SQL NULL specify JS null
[2026-04-21T02:53:49.126Z] [ERROR] 保存到数据库失败（重试3次后仍失败）: Bind parameters must not contain undefined. To pass SQL NULL specify JS null
[2026-04-21T02:53:49.127Z] [ERROR] 数据处理失败 [ID: 2026-04-21T02-53-46-102Z]: Bind parameters must not contain undefined. To pass SQL NULL specify JS null
[2026-04-21T02:53:49.128Z] [ERROR] 数据处理失败 [ID: 2026-04-21T02-53-46-099Z]: Bind parameters must not contain undefined. To pass SQL NULL specify JS null
[2026-04-21T02:54:25.222Z] [WARNING] 保存到数据库失败，第1次重试: Bind parameters must not contain undefined. To pass SQL NULL specify JS null
[2026-04-21T02:54:26.229Z] [WARNING] 保存到数据库失败，第2次重试: Bind parameters must not contain undefined. To pass SQL NULL specify JS null
[2026-04-21T02:54:28.246Z] [ERROR] 保存到数据库失败（重试3次后仍失败）: Bind parameters must not contain undefined. To pass SQL NULL specify JS null
[2026-04-21T02:54:28.248Z] [ERROR] 数据处理失败 [ID: 2026-04-21T02-54-25-215Z]: Bind parameters must not contain undefined. To pass SQL NULL specify JS null
[2026-04-21T03:39:58.932Z] [WARNING] 保存到数据库失败，第1次重试: Bind parameters must not contain undefined. To pass SQL NULL specify JS null
[2026-04-21T03:39:59.982Z] [WARNING] 保存到数据库失败，第2次重试: Bind parameters must not contain undefined. To pass SQL NULL specify JS null
[2026-04-21T03:40:01.998Z] [ERROR] 保存到数据库失败（重试3次后仍失败）: Bind parameters must not contain undefined. To pass SQL NULL specify JS null
[2026-04-21T03:40:02.000Z] [ERROR] 数据处理失败 [ID: 2026-04-21T03-39-58-924Z]: Bind parameters must not contain undefined. To pass SQL NULL specify JS null
