[2026-04-12T01:15:47.671Z] [ERROR] 数据处理失败 [ID: 2026-04-12T01-15-47-667Z]: 缺少数据类型
[2026-04-12T01:18:24.275Z] [ERROR] 数据处理失败 [ID: 2026-04-12T01-18-24-272Z]: 缺少数据类型
[2026-04-12T02:29:34.012Z] [ERROR] 数据库连接池初始化失败 (1/5): DB_POOL_CONFIG is not defined
[2026-04-12T02:29:36.044Z] [ERROR] 数据库连接池初始化失败 (2/5): DB_POOL_CONFIG is not defined
[2026-04-12T02:29:36.925Z] [ERROR] 数据处理失败 [ID: 2026-04-12T02-29-36-912Z]: 数据库连接池不可用
[2026-04-12T02:29:36.926Z] [ERROR] 数据处理失败 [ID: 2026-04-12T02-29-36-915Z]: 数据库连接池不可用
[2026-04-12T02:29:36.926Z] [ERROR] 数据处理失败 [ID: 2026-04-12T02-29-36-916Z]: 数据库连接池不可用
[2026-04-12T02:29:36.927Z] [ERROR] 数据处理失败 [ID: 2026-04-12T02-29-36-917Z]: 数据库连接池不可用
[2026-04-12T02:29:36.927Z] [ERROR] 数据处理失败 [ID: 2026-04-12T02-29-36-917Z]: 数据库连接池不可用
[2026-04-12T02:29:36.927Z] [ERROR] 数据处理失败 [ID: 2026-04-12T02-29-36-918Z]: 数据库连接池不可用
[2026-04-12T02:29:36.927Z] [ERROR] 数据处理失败 [ID: 2026-04-12T02-29-36-919Z]: 数据库连接池不可用
[2026-04-12T02:29:36.927Z] [ERROR] 数据处理失败 [ID: 2026-04-12T02-29-36-919Z]: 数据库连接池不可用
[2026-04-12T02:29:36.927Z] [ERROR] 数据处理失败 [ID: 2026-04-12T02-29-36-920Z]: 数据库连接池不可用
[2026-04-12T02:29:36.927Z] [ERROR] 数据处理失败 [ID: 2026-04-12T02-29-36-921Z]: 数据库连接池不可用
[2026-04-12T02:29:40.046Z] [ERROR] 数据库连接池初始化失败 (3/5): DB_POOL_CONFIG is not defined
[2026-04-12T02:29:40.163Z] [ERROR] 数据处理失败 [ID: 2026-04-12T02-29-40-159Z]: JSON解析失败: Unexpected non-whitespace character after JSON at position 563
[2026-04-12T02:29:40.164Z] [ERROR] 数据处理失败 [ID: 2026-04-12T02-29-40-155Z]: 数据库连接池不可用
[2026-04-12T02:29:40.165Z] [ERROR] 数据处理失败 [ID: 2026-04-12T02-29-40-156Z]: 数据库连接池不可用
[2026-04-12T02:29:40.165Z] [ERROR] 数据处理失败 [ID: 2026-04-12T02-29-40-157Z]: 数据库连接池不可用
[2026-04-12T02:29:40.165Z] [ERROR] 数据处理失败 [ID: 2026-04-12T02-29-40-157Z]: 数据库连接池不可用
[2026-04-12T02:29:40.165Z] [ERROR] 数据处理失败 [ID: 2026-04-12T02-29-40-158Z]: 数据库连接池不可用
[2026-04-12T02:29:40.165Z] [ERROR] 数据处理失败 [ID: 2026-04-12T02-29-40-160Z]: 数据库连接池不可用
[2026-04-12T02:29:40.165Z] [ERROR] 数据处理失败 [ID: 2026-04-12T02-29-40-161Z]: 数据库连接池不可用
[2026-04-12T02:29:40.166Z] [ERROR] 数据处理失败 [ID: 2026-04-12T02-29-40-162Z]: 数据库连接池不可用
[2026-04-12T02:29:40.166Z] [ERROR] 数据处理失败 [ID: 2026-04-12T02-29-40-162Z]: 数据库连接池不可用
[2026-04-12T02:29:43.165Z] [ERROR] 数据处理失败 [ID: 2026-04-12T02-29-43-161Z]: 数据库连接池不可用
[2026-04-12T02:29:43.165Z] [ERROR] 数据处理失败 [ID: 2026-04-12T02-29-43-161Z]: 数据库连接池不可用
[2026-04-12T02:29:43.165Z] [ERROR] 数据处理失败 [ID: 2026-04-12T02-29-43-162Z]: 数据库连接池不可用
[2026-04-12T02:29:43.165Z] [ERROR] 数据处理失败 [ID: 2026-04-12T02-29-43-162Z]: 数据库连接池不可用
[2026-04-12T02:29:43.165Z] [ERROR] 数据处理失败 [ID: 2026-04-12T02-29-43-162Z]: 数据库连接池不可用
[2026-04-12T02:29:43.165Z] [ERROR] 数据处理失败 [ID: 2026-04-12T02-29-43-163Z]: 数据库连接池不可用
[2026-04-12T02:29:43.165Z] [ERROR] 数据处理失败 [ID: 2026-04-12T02-29-43-163Z]: 数据库连接池不可用
[2026-04-12T02:29:43.165Z] [ERROR] 数据处理失败 [ID: 2026-04-12T02-29-43-163Z]: 数据库连接池不可用
[2026-04-12T02:29:43.166Z] [ERROR] 数据处理失败 [ID: 2026-04-12T02-29-43-163Z]: 数据库连接池不可用
[2026-04-12T02:29:43.166Z] [ERROR] 数据处理失败 [ID: 2026-04-12T02-29-43-164Z]: 数据库连接池不可用
[2026-04-12T02:29:46.048Z] [ERROR] 数据库连接池初始化失败 (4/5): DB_POOL_CONFIG is not defined
[2026-04-12T02:29:46.162Z] [ERROR] 数据处理失败 [ID: 2026-04-12T02-29-46-155Z]: 数据库连接池不可用
[2026-04-12T02:29:46.162Z] [ERROR] 数据处理失败 [ID: 2026-04-12T02-29-46-156Z]: 数据库连接池不可用
[2026-04-12T02:29:46.162Z] [ERROR] 数据处理失败 [ID: 2026-04-12T02-29-46-157Z]: 数据库连接池不可用
[2026-04-12T02:29:46.163Z] [ERROR] 数据处理失败 [ID: 2026-04-12T02-29-46-157Z]: 数据库连接池不可用
[2026-04-12T02:29:46.163Z] [ERROR] 数据处理失败 [ID: 2026-04-12T02-29-46-158Z]: 数据库连接池不可用
[2026-04-12T02:29:46.163Z] [ERROR] 数据处理失败 [ID: 2026-04-12T02-29-46-158Z]: 数据库连接池不可用
[2026-04-12T02:29:46.163Z] [ERROR] 数据处理失败 [ID: 2026-04-12T02-29-46-159Z]: 数据库连接池不可用
[2026-04-12T02:29:46.163Z] [ERROR] 数据处理失败 [ID: 2026-04-12T02-29-46-159Z]: 数据库连接池不可用
[2026-04-12T02:29:46.163Z] [ERROR] 数据处理失败 [ID: 2026-04-12T02-29-46-159Z]: 数据库连接池不可用
[2026-04-12T02:29:46.164Z] [ERROR] 数据处理失败 [ID: 2026-04-12T02-29-46-160Z]: 数据库连接池不可用
[2026-04-12T02:29:49.166Z] [ERROR] 数据处理失败 [ID: 2026-04-12T02-29-49-159Z]: 数据库连接池不可用
[2026-04-12T02:29:49.166Z] [ERROR] 数据处理失败 [ID: 2026-04-12T02-29-49-160Z]: 数据库连接池不可用
[2026-04-12T02:29:49.166Z] [ERROR] 数据处理失败 [ID: 2026-04-12T02-29-49-160Z]: 数据库连接池不可用
[2026-04-12T02:29:49.166Z] [ERROR] 数据处理失败 [ID: 2026-04-12T02-29-49-160Z]: 数据库连接池不可用
[2026-04-12T02:29:49.167Z] [ERROR] 数据处理失败 [ID: 2026-04-12T02-29-49-161Z]: 数据库连接池不可用
[2026-04-12T02:29:49.167Z] [ERROR] 数据处理失败 [ID: 2026-04-12T02-29-49-162Z]: 数据库连接池不可用
[2026-04-12T02:29:49.167Z] [ERROR] 数据处理失败 [ID: 2026-04-12T02-29-49-163Z]: 数据库连接池不可用
[2026-04-12T02:29:49.167Z] [ERROR] 数据处理失败 [ID: 2026-04-12T02-29-49-163Z]: 数据库连接池不可用
[2026-04-12T02:29:49.167Z] [ERROR] 数据处理失败 [ID: 2026-04-12T02-29-49-164Z]: 数据库连接池不可用
[2026-04-12T02:29:49.167Z] [ERROR] 数据处理失败 [ID: 2026-04-12T02-29-49-164Z]: 数据库连接池不可用
[2026-04-12T02:29:52.189Z] [ERROR] 数据处理失败 [ID: 2026-04-12T02-29-52-176Z]: 数据库连接池不可用
[2026-04-12T02:29:52.190Z] [ERROR] 数据处理失败 [ID: 2026-04-12T02-29-52-180Z]: 数据库连接池不可用
[2026-04-12T02:29:52.190Z] [ERROR] 数据处理失败 [ID: 2026-04-12T02-29-52-180Z]: 数据库连接池不可用
[2026-04-12T02:29:52.190Z] [ERROR] 数据处理失败 [ID: 2026-04-12T02-29-52-181Z]: 数据库连接池不可用
[2026-04-12T02:29:52.190Z] [ERROR] 数据处理失败 [ID: 2026-04-12T02-29-52-181Z]: 数据库连接池不可用
[2026-04-12T02:29:52.192Z] [ERROR] 数据处理失败 [ID: 2026-04-12T02-29-52-182Z]: 数据库连接池不可用
[2026-04-12T02:29:52.192Z] [ERROR] 数据处理失败 [ID: 2026-04-12T02-29-52-183Z]: 数据库连接池不可用
[2026-04-12T02:29:52.192Z] [ERROR] 数据处理失败 [ID: 2026-04-12T02-29-52-186Z]: 数据库连接池不可用
[2026-04-12T02:29:52.192Z] [ERROR] 数据处理失败 [ID: 2026-04-12T02-29-52-187Z]: 数据库连接池不可用
[2026-04-12T02:29:52.193Z] [ERROR] 数据处理失败 [ID: 2026-04-12T02-29-52-187Z]: 数据库连接池不可用
[2026-04-12T02:29:54.048Z] [ERROR] 数据库连接池初始化失败 (5/5): DB_POOL_CONFIG is not defined
[2026-04-12T02:29:54.049Z] [ERROR] 达到最大重试次数，数据库连接池初始化失败
[2026-04-12T02:29:55.155Z] [ERROR] 数据处理失败 [ID: 2026-04-12T02-29-55-152Z]: 数据库连接池不可用
[2026-04-12T02:29:55.156Z] [ERROR] 数据处理失败 [ID: 2026-04-12T02-29-55-153Z]: 数据库连接池不可用
[2026-04-12T02:29:55.156Z] [ERROR] 数据处理失败 [ID: 2026-04-12T02-29-55-153Z]: 数据库连接池不可用
[2026-04-12T02:29:55.157Z] [ERROR] 数据处理失败 [ID: 2026-04-12T02-29-55-153Z]: 数据库连接池不可用
[2026-04-12T02:29:55.157Z] [ERROR] 数据处理失败 [ID: 2026-04-12T02-29-55-154Z]: 数据库连接池不可用
[2026-04-12T02:29:55.157Z] [ERROR] 数据处理失败 [ID: 2026-04-12T02-29-55-154Z]: 数据库连接池不可用
[2026-04-12T02:29:55.158Z] [ERROR] 数据处理失败 [ID: 2026-04-12T02-29-55-154Z]: 数据库连接池不可用
[2026-04-12T02:29:55.158Z] [ERROR] 数据处理失败 [ID: 2026-04-12T02-29-55-154Z]: 数据库连接池不可用
[2026-04-12T02:29:55.158Z] [ERROR] 数据处理失败 [ID: 2026-04-12T02-29-55-155Z]: 数据库连接池不可用
[2026-04-12T02:29:55.158Z] [ERROR] 数据处理失败 [ID: 2026-04-12T02-29-55-155Z]: 数据库连接池不可用
[2026-04-12T02:29:58.163Z] [ERROR] 数据处理失败 [ID: 2026-04-12T02-29-58-159Z]: 数据库连接池不可用
[2026-04-12T02:29:58.163Z] [ERROR] 数据处理失败 [ID: 2026-04-12T02-29-58-160Z]: 数据库连接池不可用
[2026-04-12T02:29:58.163Z] [ERROR] 数据处理失败 [ID: 2026-04-12T02-29-58-160Z]: 数据库连接池不可用
[2026-04-12T02:29:58.163Z] [ERROR] 数据处理失败 [ID: 2026-04-12T02-29-58-160Z]: 数据库连接池不可用
[2026-04-12T02:29:58.163Z] [ERROR] 数据处理失败 [ID: 2026-04-12T02-29-58-160Z]: 数据库连接池不可用
[2026-04-12T02:29:58.163Z] [ERROR] 数据处理失败 [ID: 2026-04-12T02-29-58-161Z]: 数据库连接池不可用
[2026-04-12T02:29:58.163Z] [ERROR] 数据处理失败 [ID: 2026-04-12T02-29-58-161Z]: 数据库连接池不可用
[2026-04-12T02:29:58.163Z] [ERROR] 数据处理失败 [ID: 2026-04-12T02-29-58-161Z]: 数据库连接池不可用
[2026-04-12T02:29:58.163Z] [ERROR] 数据处理失败 [ID: 2026-04-12T02-29-58-161Z]: 数据库连接池不可用
[2026-04-12T02:29:58.163Z] [ERROR] 数据处理失败 [ID: 2026-04-12T02-29-58-162Z]: 数据库连接池不可用
[2026-04-12T02:30:01.161Z] [ERROR] 数据处理失败 [ID: 2026-04-12T02-30-01-157Z]: 数据库连接池不可用
[2026-04-12T02:30:01.161Z] [ERROR] 数据处理失败 [ID: 2026-04-12T02-30-01-158Z]: 数据库连接池不可用
[2026-04-12T02:30:01.161Z] [ERROR] 数据处理失败 [ID: 2026-04-12T02-30-01-158Z]: 数据库连接池不可用
[2026-04-12T02:30:01.161Z] [ERROR] 数据处理失败 [ID: 2026-04-12T02-30-01-158Z]: 数据库连接池不可用
[2026-04-12T02:30:01.161Z] [ERROR] 数据处理失败 [ID: 2026-04-12T02-30-01-159Z]: 数据库连接池不可用
[2026-04-12T02:30:01.161Z] [ERROR] 数据处理失败 [ID: 2026-04-12T02-30-01-159Z]: 数据库连接池不可用
[2026-04-12T02:30:01.162Z] [ERROR] 数据处理失败 [ID: 2026-04-12T02-30-01-160Z]: 数据库连接池不可用
[2026-04-12T02:30:01.162Z] [ERROR] 数据处理失败 [ID: 2026-04-12T02-30-01-160Z]: 数据库连接池不可用
[2026-04-12T02:30:01.162Z] [ERROR] 数据处理失败 [ID: 2026-04-12T02-30-01-160Z]: 数据库连接池不可用
[2026-04-12T02:30:01.162Z] [ERROR] 数据处理失败 [ID: 2026-04-12T02-30-01-160Z]: 数据库连接池不可用
[2026-04-12T02:30:35.144Z] [ERROR] 数据处理失败 [ID: 2026-04-12T02-30-35-141Z]: JSON解析失败: Unexpected non-whitespace character after JSON at position 561
[2026-04-12T02:30:35.144Z] [ERROR] 数据处理失败 [ID: 2026-04-12T02-30-35-142Z]: JSON解析失败: Unexpected non-whitespace character after JSON at position 49
[2026-04-12T02:30:35.144Z] [ERROR] 数据处理失败 [ID: 2026-04-12T02-30-35-142Z]: JSON解析失败: Unterminated fractional number in JSON at position 128
[2026-04-12T02:30:41.353Z] [ERROR] 数据处理失败 [ID: 2026-04-12T02-30-41-352Z]: JSON解析失败: Unexpected non-whitespace character after JSON at position 561
[2026-04-12T02:30:50.781Z] [ERROR] 数据处理失败 [ID: 2026-04-12T02-30-50-776Z]: JSON解析失败: Unexpected non-whitespace character after JSON at position 561
[2026-04-12T02:32:24.311Z] [ERROR] 数据处理失败 [ID: 2026-04-12T02-32-24-310Z]: JSON解析失败: Unexpected non-whitespace character after JSON at position 562
[2026-04-12T02:32:24.311Z] [ERROR] 数据处理失败 [ID: 2026-04-12T02-32-24-310Z]: JSON解析失败: Unexpected token ']', "],[21.75,2"... is not valid JSON
[2026-04-12T02:33:59.350Z] [ERROR] 数据处理失败 [ID: 2026-04-12T02-33-59-348Z]: JSON解析失败: Unexpected non-whitespace character after JSON at position 563
[2026-04-12T02:34:02.765Z] [ERROR] 数据处理失败 [ID: 2026-04-12T02-34-02-764Z]: JSON解析失败: Unexpected non-whitespace character after JSON at position 563
[2026-04-12T02:34:23.767Z] [WARNING] 最高温度数组[4][5]超出正常范围: -128.25°C，但允许通过
[2026-04-12T02:34:29.745Z] [WARNING] 最高温度数组[0][2]超出正常范围: 207.75°C，但允许通过
[2026-04-12T02:34:29.745Z] [WARNING] 最高温度数组[0][0]超出正常范围: -342.75°C，但允许通过
[2026-04-12T02:34:29.745Z] [WARNING] 最高温度数组[0][0]超出正常范围: -342.75°C，但允许通过
[2026-04-12T02:34:29.745Z] [WARNING] 最高温度数组[0][2]超出正常范围: -105°C，但允许通过
[2026-04-12T02:34:29.746Z] [WARNING] 最高温度数组[0][2]超出正常范围: -357°C，但允许通过
[2026-04-12T02:34:29.748Z] [WARNING] 最高温度数组[0][3]超出正常范围: -145.5°C，但允许通过
[2026-04-12T02:34:29.748Z] [WARNING] 最高温度数组[0][1]超出正常范围: -512°C，但允许通过
[2026-04-12T02:34:29.748Z] [WARNING] 最高温度数组[0][1]超出正常范围: -512°C，但允许通过
[2026-04-12T02:34:29.748Z] [WARNING] 最高温度数组[0][7]超出正常范围: 293°C，但允许通过
[2026-04-12T02:34:29.748Z] [WARNING] 最高温度数组[0][3]超出正常范围: -499.75°C，但允许通过
[2026-04-12T02:34:29.749Z] [WARNING] 最高温度数组[0][6]超出正常范围: -256°C，但允许通过
[2026-04-12T02:34:29.749Z] [WARNING] 最高温度数组[0][3]超出正常范围: -133.75°C，但允许通过
[2026-04-12T02:34:29.749Z] [WARNING] 最高温度数组[1][0]超出正常范围: -368°C，但允许通过
[2026-04-12T02:34:29.749Z] [WARNING] 最高温度数组[0][6]超出正常范围: 465.5°C，但允许通过
[2026-04-12T02:34:29.749Z] [WARNING] 最高温度数组[0][6]超出正常范围: -448°C，但允许通过
[2026-04-12T02:34:29.750Z] [WARNING] 最高温度数组[1][2]超出正常范围: -114.5°C，但允许通过
[2026-04-12T02:34:29.751Z] [WARNING] 最高温度数组[1][7]超出正常范围: 224°C，但允许通过
[2026-04-12T02:34:29.751Z] [WARNING] 最高温度数组[1][4]超出正常范围: -144°C，但允许通过
[2026-04-12T02:34:29.752Z] [WARNING] 最高温度数组[0][7]超出正常范围: 439.25°C，但允许通过
[2026-04-12T02:34:29.752Z] [WARNING] 最高温度数组[1][0]超出正常范围: -394°C，但允许通过
[2026-04-12T02:34:29.752Z] [WARNING] 最高温度数组[1][3]超出正常范围: 208°C，但允许通过
[2026-04-12T02:34:29.753Z] [WARNING] 最高温度数组[2][0]超出正常范围: -471.75°C，但允许通过
[2026-04-12T02:34:29.753Z] [WARNING] 最高温度数组[1][6]超出正常范围: -495°C，但允许通过
[2026-04-12T02:34:29.753Z] [WARNING] 最高温度数组[1][0]超出正常范围: 236.5°C，但允许通过
[2026-04-12T02:34:29.753Z] [WARNING] 最高温度数组[2][0]超出正常范围: -342.75°C，但允许通过
[2026-04-12T02:34:29.753Z] [WARNING] 最高温度数组[2][1]超出正常范围: -512°C，但允许通过
[2026-04-12T02:34:29.753Z] [WARNING] 最高温度数组[1][4]超出正常范围: -106°C，但允许通过
[2026-04-12T02:34:29.753Z] [WARNING] 最高温度数组[1][7]超出正常范围: 385.5°C，但允许通过
[2026-04-12T02:34:29.754Z] [WARNING] 最高温度数组[1][7]超出正常范围: 280°C，但允许通过
[2026-04-12T02:34:29.754Z] [WARNING] 最高温度数组[2][1]超出正常范围: -512°C，但允许通过
[2026-04-12T02:34:29.754Z] [WARNING] 最高温度数组[2][2]超出正常范围: -452°C，但允许通过
[2026-04-12T02:34:29.754Z] [WARNING] 最高温度数组[1][5]超出正常范围: 426.25°C，但允许通过
[2026-04-12T02:34:29.754Z] [WARNING] 最高温度数组[2][0]超出正常范围: -342.75°C，但允许通过
[2026-04-12T02:34:29.754Z] [WARNING] 最高温度数组[2][2]超出正常范围: -458°C，但允许通过
[2026-04-12T02:34:29.754Z] [WARNING] 最高温度数组[3][0]超出正常范围: -458°C，但允许通过
[2026-04-12T02:34:29.755Z] [WARNING] 最高温度数组[2][3]超出正常范围: -512°C，但允许通过
[2026-04-12T02:34:29.755Z] [WARNING] 最高温度数组[1][6]超出正常范围: 488°C，但允许通过
[2026-04-12T02:34:29.755Z] [WARNING] 最高温度数组[2][1]超出正常范围: -512°C，但允许通过
[2026-04-12T02:34:29.755Z] [WARNING] 最高温度数组[2][3]超出正常范围: -300.25°C，但允许通过
[2026-04-12T02:34:29.755Z] [WARNING] 最高温度数组[3][1]超出正常范围: -300.25°C，但允许通过
[2026-04-12T02:34:29.755Z] [WARNING] 最高温度数组[3][0]超出正常范围: 504°C，但允许通过
[2026-04-12T02:34:29.755Z] [WARNING] 最高温度数组[1][7]超出正常范围: -474°C，但允许通过
[2026-04-12T02:34:29.755Z] [WARNING] 最高温度数组[3][0]超出正常范围: -144°C，但允许通过
[2026-04-12T02:34:29.755Z] [WARNING] 最高温度数组[2][5]超出正常范围: -182°C，但允许通过
[2026-04-12T02:34:29.755Z] [WARNING] 最高温度数组[3][3]超出正常范围: -182°C，但允许通过
[2026-04-12T02:34:29.756Z] [WARNING] 最高温度数组[3][1]超出正常范围: 499.25°C，但允许通过
[2026-04-12T02:34:29.756Z] [WARNING] 最高温度数组[2][0]超出正常范围: -342.75°C，但允许通过
[2026-04-12T02:34:29.756Z] [WARNING] 最高温度数组[3][2]超出正常范围: -495°C，但允许通过
[2026-04-12T02:34:29.756Z] [WARNING] 最高温度数组[2][6]超出正常范围: -342.75°C，但允许通过
[2026-04-12T02:34:29.756Z] [WARNING] 最高温度数组[3][4]超出正常范围: -220.75°C，但允许通过
[2026-04-12T02:34:29.756Z] [WARNING] 最高温度数组[3][2]超出正常范围: 216°C，但允许通过
[2026-04-12T02:34:29.756Z] [WARNING] 最高温度数组[2][1]超出正常范围: -512°C，但允许通过
[2026-04-12T02:34:29.756Z] [WARNING] 最高温度数组[3][3]超出正常范围: 385.5°C，但允许通过
[2026-04-12T02:34:29.756Z] [WARNING] 最高温度数组[2][7]超出正常范围: -512°C，但允许通过
[2026-04-12T02:34:29.757Z] [WARNING] 最高温度数组[3][5]超出正常范围: 353°C，但允许通过
[2026-04-12T02:34:29.757Z] [WARNING] 最高温度数组[3][5]超出正常范围: 358.5°C，但允许通过
[2026-04-12T02:34:29.757Z] [WARNING] 最高温度数组[2][2]超出正常范围: -114.5°C，但允许通过
[2026-04-12T02:34:29.757Z] [WARNING] 最高温度数组[3][4]超出正常范围: -212.5°C，但允许通过
[2026-04-12T02:34:29.757Z] [WARNING] 最高温度数组[3][4]超出正常范围: 324.25°C，但允许通过
[2026-04-12T02:34:29.757Z] [WARNING] 最高温度数组[4][4]超出正常范围: 350.25°C，但允许通过
[2026-04-12T02:34:29.758Z] [WARNING] 最高温度数组[3][7]超出正常范围: 299.5°C，但允许通过
[2026-04-12T02:34:29.758Z] [WARNING] 最高温度数组[2][3]超出正常范围: 208°C，但允许通过
[2026-04-12T02:34:29.758Z] [WARNING] 最高温度数组[3][5]超出正常范围: 349.5°C，但允许通过
[2026-04-12T02:34:29.758Z] [WARNING] 最高温度数组[4][1]超出正常范围: -368°C，但允许通过
[2026-04-12T02:34:29.758Z] [WARNING] 最高温度数组[4][5]超出正常范围: -512°C，但允许通过
[2026-04-12T02:34:29.758Z] [WARNING] 最高温度数组[4][2]超出正常范围: -178°C，但允许通过
[2026-04-12T02:34:29.758Z] [WARNING] 最高温度数组[3][0]超出正常范围: -106°C，但允许通过
[2026-04-12T02:34:29.759Z] [WARNING] 最高温度数组[3][7]超出正常范围: 336°C，但允许通过
[2026-04-12T02:34:29.759Z] [WARNING] 最高温度数组[4][3]超出正常范围: -368°C，但允许通过
[2026-04-12T02:34:29.759Z] [WARNING] 最高温度数组[5][2]超出正常范围: 256.25°C，但允许通过
[2026-04-12T02:34:29.759Z] [WARNING] 最高温度数组[4][4]超出正常范围: -342.75°C，但允许通过
[2026-04-12T02:34:29.759Z] [WARNING] 最高温度数组[3][1]超出正常范围: 426.25°C，但允许通过
[2026-04-12T02:34:29.759Z] [WARNING] 最高温度数组[4][4]超出正常范围: 350.25°C，但允许通过
[2026-04-12T02:34:29.759Z] [WARNING] 最高温度数组[4][5]超出正常范围: 292.5°C，但允许通过
[2026-04-12T02:34:29.759Z] [WARNING] 最高温度数组[6][0]超出正常范围: 465.5°C，但允许通过
[2026-04-12T02:34:29.760Z] [WARNING] 最高温度数组[4][5]超出正常范围: -512°C，但允许通过
[2026-04-12T02:34:29.760Z] [WARNING] 最高温度数组[3][2]超出正常范围: -509.5°C，但允许通过
[2026-04-12T02:34:29.760Z] [WARNING] 最高温度数组[4][5]超出正常范围: -512°C，但允许通过
[2026-04-12T02:34:29.760Z] [WARNING] 最高温度数组[4][6]超出正常范围: 350.25°C，但允许通过
[2026-04-12T02:34:29.760Z] [WARNING] 最高温度数组[6][1]超出正常范围: 439.25°C，但允许通过
[2026-04-12T02:34:29.760Z] [WARNING] 最高温度数组[4][7]超出正常范围: 299.5°C，但允许通过
[2026-04-12T02:34:29.760Z] [WARNING] 最高温度数组[3][3]超出正常范围: 209.25°C，但允许通过
[2026-04-12T02:34:29.760Z] [WARNING] 最高温度数组[5][2]超出正常范围: 256.25°C，但允许通过
[2026-04-12T02:34:29.760Z] [WARNING] 最高温度数组[4][7]超出正常范围: -512°C，但允许通过
[2026-04-12T02:34:29.760Z] [WARNING] 最高温度数组[6][6]超出正常范围: -505.5°C，但允许通过
[2026-04-12T02:34:29.761Z] [WARNING] 最高温度数组[5][3]超出正常范围: 299.5°C，但允许通过
[2026-04-12T02:34:29.761Z] [WARNING] 最高温度数组[3][4]超出正常范围: -365.75°C，但允许通过
[2026-04-12T02:34:29.761Z] [WARNING] 最高温度数组[6][0]超出正常范围: -132°C，但允许通过
[2026-04-12T02:34:29.761Z] [WARNING] 最高温度数组[5][0]超出正常范围: 350.5°C，但允许通过
[2026-04-12T02:34:29.761Z] [WARNING] 最高温度数组[7][4]超出正常范围: -342.75°C，但允许通过
[2026-04-12T02:34:29.761Z] [WARNING] 最高温度数组[3][5]超出正常范围: 351.25°C，但允许通过
[2026-04-12T02:34:29.761Z] [WARNING] 最高温度数组[5][4]超出正常范围: 221.75°C，但允许通过
[2026-04-12T02:34:29.761Z] [WARNING] 最高温度数组[6][1]超出正常范围: -334.25°C，但允许通过
[2026-04-12T02:34:29.761Z] [WARNING] 最高温度数组[5][1]超出正常范围: -512°C，但允许通过
[2026-04-12T02:34:29.762Z] [WARNING] 最高温度数组[7][5]超出正常范围: -512°C，但允许通过
[2026-04-12T02:34:29.762Z] [WARNING] 最高温度数组[3][7]超出正常范围: -384°C，但允许通过
[2026-04-12T02:34:29.762Z] [WARNING] 最高温度数组[6][2]超出正常范围: -297°C，但允许通过
[2026-04-12T02:34:29.762Z] [WARNING] 最高温度数组[6][6]超出正常范围: 256°C，但允许通过
[2026-04-12T02:34:29.762Z] [WARNING] 最高温度数组[6][0]超出正常范围: 465.5°C，但允许通过
[2026-04-12T02:34:29.762Z] [WARNING] 最高温度数组[7][6]超出正常范围: -505.5°C，但允许通过
[2026-04-12T02:34:29.762Z] [WARNING] 最高温度数组[4][4]超出正常范围: 350.25°C，但允许通过
[2026-04-12T02:34:29.763Z] [WARNING] 最高温度数组[6][3]超出正常范围: -475°C，但允许通过
[2026-04-12T02:34:29.763Z] [WARNING] 最高温度数组[7][2]超出正常范围: -294.25°C，但允许通过
[2026-04-12T02:34:29.763Z] [WARNING] 最高温度数组[6][1]超出正常范围: 439.25°C，但允许通过
[2026-04-12T02:34:29.763Z] [WARNING] 最高温度数组[4][5]超出正常范围: -512°C，但允许通过
[2026-04-12T02:34:29.763Z] [WARNING] 最高温度数组[6][5]超出正常范围: -512°C，但允许通过
[2026-04-12T02:34:29.764Z] [WARNING] 最高温度数组[7][3]超出正常范围: 335.25°C，但允许通过
[2026-04-12T02:34:29.764Z] [WARNING] 最高温度数组[7][0]超出正常范围: -101°C，但允许通过
[2026-04-12T02:34:29.764Z] [WARNING] 最高温度数组[5][2]超出正常范围: 256.25°C，但允许通过
[2026-04-12T02:34:29.764Z] [WARNING] 最高温度数组[6][6]超出正常范围: 440°C，但允许通过
[2026-04-12T02:34:29.764Z] [WARNING] 最高温度数组[7][6]超出正常范围: 418.5°C，但允许通过
[2026-04-12T02:34:29.764Z] [WARNING] 最高温度数组[7][2]超出正常范围: 324.25°C，但允许通过
[2026-04-12T02:34:29.765Z] [WARNING] 最高温度数组[6][1]超出正常范围: 264.25°C，但允许通过
[2026-04-12T02:34:29.765Z] [WARNING] 最高温度数组[6][7]超出正常范围: -512°C，但允许通过
[2026-04-12T02:34:29.765Z] [WARNING] 最高温度数组[7][6]超出正常范围: 368.5°C，但允许通过
[2026-04-12T02:34:29.767Z] [WARNING] 最高温度数组[6][6]超出正常范围: -384°C，但允许通过
[2026-04-12T02:34:29.767Z] [WARNING] 最高温度数组[7][3]超出正常范围: 299.5°C，但允许通过
[2026-04-12T02:34:29.768Z] [WARNING] 异常原始数据已保存到: /home/kic/project/ai-project/socket/data/raw/2026-04-12.json
[2026-04-12T02:34:29.768Z] [WARNING] 最高温度数组[7][2]超出正常范围: -407.75°C，但允许通过
[2026-04-12T02:34:29.768Z] [WARNING] 最高温度数组[7][6]超出正常范围: 268.5°C，但允许通过
[2026-04-12T02:34:29.769Z] [WARNING] 最高温度数组[7][3]超出正常范围: 482.75°C，但允许通过
[2026-04-12T02:34:29.770Z] [WARNING] 最高温度数组[7][6]超出正常范围: 218.5°C，但允许通过
[2026-04-12T02:34:29.771Z] [WARNING] 异常处理数据已保存到: /home/kic/project/ai-project/socket/data/processed/2026-04-12.json
[2026-04-12T02:34:29.771Z] [WARNING] 异常原始数据已保存到: /home/kic/project/ai-project/socket/data/raw/2026-04-12.json
[2026-04-12T02:34:29.773Z] [WARNING] 异常原始数据已保存到: /home/kic/project/ai-project/socket/data/raw/2026-04-12.json
[2026-04-12T02:34:29.774Z] [WARNING] 异常原始数据已保存到: /home/kic/project/ai-project/socket/data/raw/2026-04-12.json
[2026-04-12T02:34:29.774Z] [WARNING] 异常处理数据已保存到: /home/kic/project/ai-project/socket/data/processed/2026-04-12.json
[2026-04-12T02:34:29.775Z] [WARNING] 异常处理数据已保存到: /home/kic/project/ai-project/socket/data/processed/2026-04-12.json
[2026-04-12T02:34:29.776Z] [WARNING] 异常原始数据已保存到: /home/kic/project/ai-project/socket/data/raw/2026-04-12.json
[2026-04-12T02:34:29.776Z] [WARNING] 异常处理数据已保存到: /home/kic/project/ai-project/socket/data/processed/2026-04-12.json
[2026-04-12T02:34:29.777Z] [WARNING] 异常处理数据已保存到: /home/kic/project/ai-project/socket/data/processed/2026-04-12.json
[2026-04-12T02:34:32.747Z] [WARNING] 最高温度数组[0][0]超出正常范围: -342.75°C，但允许通过
[2026-04-12T02:34:32.747Z] [WARNING] 最高温度数组[0][2]超出正常范围: -105°C，但允许通过
[2026-04-12T02:34:32.748Z] [WARNING] 最高温度数组[0][2]超出正常范围: 207.75°C，但允许通过
[2026-04-12T02:34:32.748Z] [WARNING] 最高温度数组[0][0]超出正常范围: -342.75°C，但允许通过
[2026-04-12T02:34:32.748Z] [WARNING] 最高温度数组[0][0]超出正常范围: -342.75°C，但允许通过
[2026-04-12T02:34:32.748Z] [WARNING] 最高温度数组[0][2]超出正常范围: -220.5°C，但允许通过
[2026-04-12T02:34:32.749Z] [WARNING] 最高温度数组[0][2]超出正常范围: -357°C，但允许通过
[2026-04-12T02:34:32.749Z] [WARNING] 最高温度数组[0][0]超出正常范围: -342.75°C，但允许通过
[2026-04-12T02:34:32.749Z] [WARNING] 最高温度数组[0][2]超出正常范围: -220.5°C，但允许通过
[2026-04-12T02:34:32.749Z] [WARNING] 最高温度数组[0][2]超出正常范围: 207.75°C，但允许通过
[2026-04-12T02:34:32.751Z] [WARNING] 最高温度数组[0][1]超出正常范围: -512°C，但允许通过
[2026-04-12T02:34:32.751Z] [WARNING] 最高温度数组[0][7]超出正常范围: 293°C，但允许通过
[2026-04-12T02:34:32.751Z] [WARNING] 最高温度数组[0][3]超出正常范围: -145.5°C，但允许通过
[2026-04-12T02:34:32.751Z] [WARNING] 最高温度数组[0][1]超出正常范围: -512°C，但允许通过
[2026-04-12T02:34:32.751Z] [WARNING] 最高温度数组[0][1]超出正常范围: -512°C，但允许通过
[2026-04-12T02:34:32.752Z] [WARNING] 最高温度数组[0][3]超出正常范围: 481.75°C，但允许通过
[2026-04-12T02:34:32.752Z] [WARNING] 最高温度数组[0][3]超出正常范围: -499.75°C，但允许通过
[2026-04-12T02:34:32.752Z] [WARNING] 最高温度数组[0][1]超出正常范围: -512°C，但允许通过
[2026-04-12T02:34:32.752Z] [WARNING] 最高温度数组[0][3]超出正常范围: 481.75°C，但允许通过
[2026-04-12T02:34:32.752Z] [WARNING] 最高温度数组[0][3]超出正常范围: -145.5°C，但允许通过
[2026-04-12T02:34:32.753Z] [WARNING] 最高温度数组[0][3]超出正常范围: -100.25°C，但允许通过
[2026-04-12T02:34:32.753Z] [WARNING] 最高温度数组[1][0]超出正常范围: -368°C，但允许通过
[2026-04-12T02:34:32.753Z] [WARNING] 最高温度数组[0][6]超出正常范围: -256°C，但允许通过
[2026-04-12T02:34:32.753Z] [WARNING] 最高温度数组[0][7]超出正常范围: -362.75°C，但允许通过
[2026-04-12T02:34:32.753Z] [WARNING] 最高温度数组[0][6]超出正常范围: -384°C，但允许通过
[2026-04-12T02:34:32.753Z] [WARNING] 最高温度数组[0][6]超出正常范围: -512°C，但允许通过
[2026-04-12T02:34:32.753Z] [WARNING] 最高温度数组[0][6]超出正常范围: -448°C，但允许通过
[2026-04-12T02:34:32.753Z] [WARNING] 最高温度数组[0][3]超出正常范围: 202°C，但允许通过
[2026-04-12T02:34:32.753Z] [WARNING] 最高温度数组[0][6]超出正常范围: -384°C，但允许通过
[2026-04-12T02:34:32.753Z] [WARNING] 最高温度数组[0][6]超出正常范围: -256°C，但允许通过
[2026-04-12T02:34:32.754Z] [WARNING] 最高温度数组[1][2]超出正常范围: 388°C，但允许通过
[2026-04-12T02:34:32.754Z] [WARNING] 最高温度数组[0][7]超出正常范围: -100.25°C，但允许通过
[2026-04-12T02:34:32.754Z] [WARNING] 最高温度数组[1][0]超出正常范围: -184.75°C，但允许通过
[2026-04-12T02:34:32.754Z] [WARNING] 最高温度数组[1][7]超出正常范围: 264.25°C，但允许通过
[2026-04-12T02:34:32.754Z] [WARNING] 最高温度数组[1][3]超出正常范围: 309.5°C，但允许通过
[2026-04-12T02:34:32.754Z] [WARNING] 最高温度数组[0][7]超出正常范围: -105.25°C，但允许通过
[2026-04-12T02:34:32.754Z] [WARNING] 最高温度数组[1][0]超出正常范围: -394°C，但允许通过
[2026-04-12T02:34:32.754Z] [WARNING] 最高温度数组[0][6]超出正常范围: 481°C，但允许通过
[2026-04-12T02:34:32.754Z] [WARNING] 最高温度数组[1][2]超出正常范围: -132.25°C，但允许通过
[2026-04-12T02:34:32.754Z] [WARNING] 最高温度数组[1][7]超出正常范围: 264.25°C，但允许通过
[2026-04-12T02:34:32.755Z] [WARNING] 最高温度数组[1][3]超出正常范围: 435°C，但允许通过
[2026-04-12T02:34:32.755Z] [WARNING] 最高温度数组[1][0]超出正常范围: 373.5°C，但允许通过
[2026-04-12T02:34:32.755Z] [WARNING] 最高温度数组[1][1]超出正常范围: -188.25°C，但允许通过
[2026-04-12T02:34:32.755Z] [WARNING] 最高温度数组[2][0]超出正常范围: -342.75°C，但允许通过
[2026-04-12T02:34:32.755Z] [WARNING] 最高温度数组[1][0]超出正常范围: 458.25°C，但允许通过
[2026-04-12T02:34:32.755Z] [WARNING] 最高温度数组[1][4]超出正常范围: 318°C，但允许通过
[2026-04-12T02:34:32.755Z] [WARNING] 最高温度数组[1][2]超出正常范围: -260.75°C，但允许通过
[2026-04-12T02:34:32.755Z] [WARNING] 最高温度数组[0][7]超出正常范围: -162.75°C，但允许通过
[2026-04-12T02:34:32.756Z] [WARNING] 最高温度数组[1][3]超出正常范围: -237.5°C，但允许通过
[2026-04-12T02:34:32.756Z] [WARNING] 最高温度数组[2][0]超出正常范围: -342.75°C，但允许通过
[2026-04-12T02:34:32.756Z] [WARNING] 最高温度数组[2][0]超出正常范围: -471.75°C，但允许通过
[2026-04-12T02:34:32.756Z] [WARNING] 最高温度数组[1][4]超出正常范围: -144°C，但允许通过
[2026-04-12T02:34:32.756Z] [WARNING] 最高温度数组[1][4]超出正常范围: 327.25°C，但允许通过
[2026-04-12T02:34:32.756Z] [WARNING] 最高温度数组[2][1]超出正常范围: -512°C，但允许通过
[2026-04-12T02:34:32.756Z] [WARNING] 最高温度数组[1][1]超出正常范围: -314°C，但允许通过
[2026-04-12T02:34:32.757Z] [WARNING] 最高温度数组[1][6]超出正常范围: -164°C，但允许通过
[2026-04-12T02:34:32.757Z] [WARNING] 最高温度数组[2][0]超出正常范围: 201.75°C，但允许通过
[2026-04-12T02:34:32.757Z] [WARNING] 最高温度数组[1][3]超出正常范围: 444.5°C，但允许通过
[2026-04-12T02:34:32.757Z] [WARNING] 最高温度数组[1][0]超出正常范围: 481°C，但允许通过
[2026-04-12T02:34:32.757Z] [WARNING] 最高温度数组[2][1]超出正常范围: -512°C，但允许通过
[2026-04-12T02:34:32.758Z] [WARNING] 最高温度数组[2][1]超出正常范围: -512°C，但允许通过
[2026-04-12T02:34:32.758Z] [WARNING] 最高温度数组[1][6]超出正常范围: -495°C，但允许通过
[2026-04-12T02:34:32.758Z] [WARNING] 最高温度数组[1][7]超出正常范围: -344°C，但允许通过
[2026-04-12T02:34:32.758Z] [WARNING] 最高温度数组[3][0]超出正常范围: -106°C，但允许通过
[2026-04-12T02:34:32.759Z] [WARNING] 最高温度数组[1][4]超出正常范围: 458.25°C，但允许通过
[2026-04-12T02:34:32.759Z] [WARNING] 最高温度数组[2][0]超出正常范围: -342.75°C，但允许通过
[2026-04-12T02:34:32.759Z] [WARNING] 最高温度数组[2][1]超出正常范围: -108°C，但允许通过
[2026-04-12T02:34:32.759Z] [WARNING] 最高温度数组[1][4]超出正常范围: -458°C，但允许通过
[2026-04-12T02:34:32.759Z] [WARNING] 最高温度数组[1][4]超出正常范围: 481°C，但允许通过
[2026-04-12T02:34:32.759Z] [WARNING] 最高温度数组[3][0]超出正常范围: -106°C，但允许通过
[2026-04-12T02:34:32.760Z] [WARNING] 最高温度数组[2][2]超出正常范围: -468.5°C，但允许通过
[2026-04-12T02:34:32.760Z] [WARNING] 最高温度数组[1][7]超出正常范围: 385.5°C，但允许通过
[2026-04-12T02:34:32.760Z] [WARNING] 最高温度数组[2][0]超出正常范围: -471.75°C，但允许通过
[2026-04-12T02:34:32.760Z] [WARNING] 最高温度数组[3][1]超出正常范围: 426.25°C，但允许通过
[2026-04-12T02:34:32.760Z] [WARNING] 最高温度数组[1][6]超出正常范围: -311.25°C，但允许通过
[2026-04-12T02:34:32.760Z] [WARNING] 最高温度数组[2][1]超出正常范围: -512°C，但允许通过
[2026-04-12T02:34:32.760Z] [WARNING] 最高温度数组[2][2]超出正常范围: 419.25°C，但允许通过
[2026-04-12T02:34:32.760Z] [WARNING] 最高温度数组[1][7]超出正常范围: 292.5°C，但允许通过
[2026-04-12T02:34:32.760Z] [WARNING] 最高温度数组[1][5]超出正常范围: -300.25°C，但允许通过
[2026-04-12T02:34:32.761Z] [WARNING] 最高温度数组[3][1]超出正常范围: 426.25°C，但允许通过
[2026-04-12T02:34:32.761Z] [WARNING] 最高温度数组[2][3]超出正常范围: -512°C，但允许通过
[2026-04-12T02:34:32.761Z] [WARNING] 最高温度数组[2][0]超出正常范围: -342.75°C，但允许通过
[2026-04-12T02:34:32.761Z] [WARNING] 最高温度数组[2][1]超出正常范围: -512°C，但允许通过
[2026-04-12T02:34:32.761Z] [WARNING] 最高温度数组[3][2]超出正常范围: -509.5°C，但允许通过
[2026-04-12T02:34:32.761Z] [WARNING] 最高温度数组[1][7]超出正常范围: 491.75°C，但允许通过
[2026-04-12T02:34:32.762Z] [WARNING] 最高温度数组[2][3]超出正常范围: 476°C，但允许通过
[2026-04-12T02:34:32.762Z] [WARNING] 最高温度数组[2][3]超出正常范围: 309.5°C，但允许通过
[2026-04-12T02:34:32.762Z] [WARNING] 最高温度数组[2][0]超出正常范围: -458.75°C，但允许通过
[2026-04-12T02:34:32.762Z] [WARNING] 最高温度数组[1][7]超出正常范围: -182°C，但允许通过
[2026-04-12T02:34:32.762Z] [WARNING] 最高温度数组[3][2]超出正常范围: -509.5°C，但允许通过
[2026-04-12T02:34:32.762Z] [WARNING] 最高温度数组[2][1]超出正常范围: -512°C，但允许通过
[2026-04-12T02:34:32.762Z] [WARNING] 最高温度数组[3][0]超出正常范围: -144°C，但允许通过
[2026-04-12T02:34:32.763Z] [WARNING] 最高温度数组[2][2]超出正常范围: -472°C，但允许通过
[2026-04-12T02:34:32.763Z] [WARNING] 最高温度数组[3][3]超出正常范围: 209.25°C，但允许通过
[2026-04-12T02:34:32.763Z] [WARNING] 最高温度数组[2][0]超出正常范围: -471.75°C，但允许通过
[2026-04-12T02:34:32.763Z] [WARNING] 最高温度数组[2][4]超出正常范围: 396.25°C，但允许通过
[2026-04-12T02:34:32.763Z] [WARNING] 最高温度数组[3][0]超出正常范围: 318°C，但允许通过
[2026-04-12T02:34:32.763Z] [WARNING] 最高温度数组[2][1]超出正常范围: -512°C，但允许通过
[2026-04-12T02:34:32.763Z] [WARNING] 最高温度数组[2][0]超出正常范围: -342.75°C，但允许通过
[2026-04-12T02:34:32.763Z] [WARNING] 最高温度数组[3][3]超出正常范围: 209.25°C，但允许通过
[2026-04-12T02:34:32.764Z] [WARNING] 最高温度数组[2][2]超出正常范围: 388°C，但允许通过
[2026-04-12T02:34:32.764Z] [WARNING] 最高温度数组[2][3]超出正常范围: -512°C，但允许通过
[2026-04-12T02:34:32.764Z] [WARNING] 最高温度数组[3][2]超出正常范围: -495°C，但允许通过
[2026-04-12T02:34:32.764Z] [WARNING] 最高温度数组[3][4]超出正常范围: -365.75°C，但允许通过
[2026-04-12T02:34:32.764Z] [WARNING] 最高温度数组[2][1]超出正常范围: -512°C，但允许通过
[2026-04-12T02:34:32.764Z] [WARNING] 最高温度数组[3][0]超出正常范围: 318°C，但允许通过
[2026-04-12T02:34:32.764Z] [WARNING] 最高温度数组[3][2]超出正常范围: 231.75°C，但允许通过
[2026-04-12T02:34:32.764Z] [WARNING] 最高温度数组[2][2]超出正常范围: -458°C，但允许通过
[2026-04-12T02:34:32.764Z] [WARNING] 最高温度数组[2][1]超出正常范围: -512°C，但允许通过
[2026-04-12T02:34:32.764Z] [WARNING] 最高温度数组[3][4]超出正常范围: -365.75°C，但允许通过
[2026-04-12T02:34:32.765Z] [WARNING] 最高温度数组[2][3]超出正常范围: 435°C，但允许通过
[2026-04-12T02:34:32.765Z] [WARNING] 最高温度数组[3][0]超出正常范围: 314°C，但允许通过
[2026-04-12T02:34:32.765Z] [WARNING] 最高温度数组[3][3]超出正常范围: 385.5°C，但允许通过
[2026-04-12T02:34:32.765Z] [WARNING] 最高温度数组[3][5]超出正常范围: 351.25°C，但允许通过
[2026-04-12T02:34:32.765Z] [WARNING] 最高温度数组[2][2]超出正常范围: -472°C，但允许通过
[2026-04-12T02:34:32.765Z] [WARNING] 最高温度数组[3][2]超出正常范围: 231.75°C，但允许通过
[2026-04-12T02:34:32.765Z] [WARNING] 最高温度数组[3][3]超出正常范围: -441.5°C，但允许通过
[2026-04-12T02:34:32.765Z] [WARNING] 最高温度数组[2][3]超出正常范围: -512°C，但允许通过
[2026-04-12T02:34:32.766Z] [WARNING] 最高温度数组[2][2]超出正常范围: -260.75°C，但允许通过
[2026-04-12T02:34:32.766Z] [WARNING] 最高温度数组[3][5]超出正常范围: 351.25°C，但允许通过
[2026-04-12T02:34:32.766Z] [WARNING] 最高温度数组[3][0]超出正常范围: -144°C，但允许通过
[2026-04-12T02:34:32.766Z] [WARNING] 最高温度数组[3][1]超出正常范围: -320°C，但允许通过
[2026-04-12T02:34:32.766Z] [WARNING] 最高温度数组[3][4]超出正常范围: -212.5°C，但允许通过
[2026-04-12T02:34:32.766Z] [WARNING] 最高温度数组[3][7]超出正常范围: -384°C，但允许通过
[2026-04-12T02:34:32.767Z] [WARNING] 最高温度数组[2][3]超出正常范围: -512°C，但允许通过
[2026-04-12T02:34:32.767Z] [WARNING] 最高温度数组[3][3]超出正常范围: -441.5°C，但允许通过
[2026-04-12T02:34:32.767Z] [WARNING] 最高温度数组[3][4]超出正常范围: 238.5°C，但允许通过
[2026-04-12T02:34:32.767Z] [WARNING] 最高温度数组[3][0]超出正常范围: -458°C，但允许通过
[2026-04-12T02:34:32.767Z] [WARNING] 最高温度数组[2][3]超出正常范围: 444.5°C，但允许通过
[2026-04-12T02:34:32.767Z] [WARNING] 最高温度数组[3][7]超出正常范围: -384°C，但允许通过
[2026-04-12T02:34:32.767Z] [WARNING] 最高温度数组[3][2]超出正常范围: -495°C，但允许通过
[2026-04-12T02:34:32.768Z] [WARNING] 最高温度数组[3][2]超出正常范围: -182°C，但允许通过
[2026-04-12T02:34:32.768Z] [WARNING] 最高温度数组[3][5]超出正常范围: 349.5°C，但允许通过
[2026-04-12T02:34:32.768Z] [WARNING] 最高温度数组[4][4]超出正常范围: 350.25°C，但允许通过
[2026-04-12T02:34:32.768Z] [WARNING] 最高温度数组[3][0]超出正常范围: -144°C，但允许通过
[2026-04-12T02:34:32.768Z] [WARNING] 最高温度数组[3][4]超出正常范围: 238.5°C，但允许通过
[2026-04-12T02:34:32.769Z] [WARNING] 最高温度数组[3][5]超出正常范围: 347.75°C，但允许通过
[2026-04-12T02:34:32.769Z] [WARNING] 最高温度数组[3][1]超出正常范围: -300.25°C，但允许通过
[2026-04-12T02:34:32.769Z] [WARNING] 最高温度数组[3][0]超出正常范围: -458°C，但允许通过
[2026-04-12T02:34:32.769Z] [WARNING] 最高温度数组[4][4]超出正常范围: 350.25°C，但允许通过
[2026-04-12T02:34:32.769Z] [WARNING] 最高温度数组[3][3]超出正常范围: 385.5°C，但允许通过
[2026-04-12T02:34:32.769Z] [WARNING] 最高温度数组[3][3]超出正常范围: -275.25°C，但允许通过
[2026-04-12T02:34:32.770Z] [WARNING] 最高温度数组[3][6]超出正常范围: -294.25°C，但允许通过
[2026-04-12T02:34:32.770Z] [WARNING] 最高温度数组[4][5]超出正常范围: -512°C，但允许通过
[2026-04-12T02:34:32.770Z] [WARNING] 最高温度数组[3][2]超出正常范围: -495°C，但允许通过
[2026-04-12T02:34:32.770Z] [WARNING] 最高温度数组[3][5]超出正常范围: 347.75°C，但允许通过
[2026-04-12T02:34:32.770Z] [WARNING] 最高温度数组[3][7]超出正常范围: 448°C，但允许通过
[2026-04-12T02:34:32.770Z] [WARNING] 最高温度数组[3][3]超出正常范围: -182°C，但允许通过
[2026-04-12T02:34:32.770Z] [WARNING] 最高温度数组[3][1]超出正常范围: -300.25°C，但允许通过
[2026-04-12T02:34:32.770Z] [WARNING] 最高温度数组[4][5]超出正常范围: -512°C，但允许通过
[2026-04-12T02:34:32.771Z] [WARNING] 最高温度数组[3][5]超出正常范围: 346°C，但允许通过
[2026-04-12T02:34:32.771Z] [WARNING] 最高温度数组[3][4]超出正常范围: -212.5°C，但允许通过
[2026-04-12T02:34:32.771Z] [WARNING] 最高温度数组[3][7]超出正常范围: 335.25°C，但允许通过
[2026-04-12T02:34:32.771Z] [WARNING] 最高温度数组[5][2]超出正常范围: 256.25°C，但允许通过
[2026-04-12T02:34:32.771Z] [WARNING] 最高温度数组[3][7]超出正常范围: 448°C，但允许通过
[2026-04-12T02:34:32.771Z] [WARNING] 最高温度数组[3][3]超出正常范围: 385.5°C，但允许通过
[2026-04-12T02:34:32.771Z] [WARNING] 最高温度数组[4][4]超出正常范围: 350.25°C，但允许通过
[2026-04-12T02:34:32.772Z] [WARNING] 最高温度数组[3][4]超出正常范围: -220.75°C，但允许通过
[2026-04-12T02:34:32.772Z] [WARNING] 最高温度数组[3][3]超出正常范围: -182°C，但允许通过
[2026-04-12T02:34:32.772Z] [WARNING] 最高温度数组[5][2]超出正常范围: 256.25°C，但允许通过
[2026-04-12T02:34:32.772Z] [WARNING] 最高温度数组[3][5]超出正常范围: 349.5°C，但允许通过
[2026-04-12T02:34:32.772Z] [WARNING] 最高温度数组[3][7]超出正常范围: 480°C，但允许通过
[2026-04-12T02:34:32.772Z] [WARNING] 最高温度数组[4][2]超出正常范围: -132°C，但允许通过
[2026-04-12T02:34:32.773Z] [WARNING] 最高温度数组[6][1]超出正常范围: 264.25°C，但允许通过
[2026-04-12T02:34:32.773Z] [WARNING] 最高温度数组[5][2]超出正常范围: -342.75°C，但允许通过
[2026-04-12T02:34:32.773Z] [WARNING] 最高温度数组[3][4]超出正常范围: -212.5°C，但允许通过
[2026-04-12T02:34:32.773Z] [WARNING] 最高温度数组[4][5]超出正常范围: -512°C，但允许通过
[2026-04-12T02:34:32.773Z] [WARNING] 最高温度数组[3][5]超出正常范围: 353°C，但允许通过
[2026-04-12T02:34:32.773Z] [WARNING] 最高温度数组[3][4]超出正常范围: -220.75°C，但允许通过
[2026-04-12T02:34:32.773Z] [WARNING] 最高温度数组[6][1]超出正常范围: 264.25°C，但允许通过
[2026-04-12T02:34:32.774Z] [WARNING] 最高温度数组[3][7]超出正常范围: 336°C，但允许通过
[2026-04-12T02:34:32.774Z] [WARNING] 最高温度数组[4][6]超出正常范围: -341.5°C，但允许通过
[2026-04-12T02:34:32.774Z] [WARNING] 最高温度数组[4][3]超出正常范围: -334.25°C，但允许通过
[2026-04-12T02:34:32.774Z] [WARNING] 最高温度数组[6][6]超出正常范围: -384°C，但允许通过
[2026-04-12T02:34:32.774Z] [WARNING] 最高温度数组[5][3]超出正常范围: -512°C，但允许通过
[2026-04-12T02:34:32.774Z] [WARNING] 最高温度数组[3][5]超出正常范围: 349.5°C，但允许通过
[2026-04-12T02:34:32.774Z] [WARNING] 最高温度数组[4][4]超出正常范围: 350.25°C，但允许通过
[2026-04-12T02:34:32.774Z] [WARNING] 最高温度数组[5][2]超出正常范围: 256.25°C，但允许通过
[2026-04-12T02:34:32.775Z] [WARNING] 最高温度数组[3][5]超出正常范围: 353°C，但允许通过
[2026-04-12T02:34:32.775Z] [WARNING] 最高温度数组[6][6]超出正常范围: -384°C，但允许通过
[2026-04-12T02:34:32.775Z] [WARNING] 最高温度数组[4][4]超出正常范围: 350.25°C，但允许通过
[2026-04-12T02:34:32.775Z] [WARNING] 最高温度数组[4][7]超出正常范围: 232.25°C，但允许通过
[2026-04-12T02:34:32.775Z] [WARNING] 最高温度数组[7][2]超出正常范围: -407.75°C，但允许通过
[2026-04-12T02:34:32.775Z] [WARNING] 最高温度数组[4][4]超出正常范围: -342.75°C，但允许通过
[2026-04-12T02:34:32.775Z] [WARNING] 最高温度数组[7][0]超出正常范围: 436°C，但允许通过
[2026-04-12T02:34:32.776Z] [WARNING] 最高温度数组[3][7]超出正常范围: 336°C，但允许通过
[2026-04-12T02:34:32.776Z] [WARNING] 最高温度数组[4][5]超出正常范围: -512°C，但允许通过
[2026-04-12T02:34:32.776Z] [WARNING] 最高温度数组[6][1]超出正常范围: -364°C，但允许通过
[2026-04-12T02:34:32.776Z] [WARNING] 最高温度数组[4][4]超出正常范围: 350.25°C，但允许通过
[2026-04-12T02:34:32.776Z] [WARNING] 最高温度数组[7][2]超出正常范围: -407.75°C，但允许通过
[2026-04-12T02:34:32.776Z] [WARNING] 最高温度数组[4][5]超出正常范围: -512°C，但允许通过
[2026-04-12T02:34:32.777Z] [WARNING] 最高温度数组[5][0]超出正常范围: -342.75°C，但允许通过
[2026-04-12T02:34:32.777Z] [WARNING] 最高温度数组[7][3]超出正常范围: 482.75°C，但允许通过
[2026-04-12T02:34:32.777Z] [WARNING] 最高温度数组[4][5]超出正常范围: -512°C，但允许通过
[2026-04-12T02:34:32.777Z] [WARNING] 最高温度数组[7][1]超出正常范围: -512°C，但允许通过
[2026-04-12T02:34:32.777Z] [WARNING] 最高温度数组[4][4]超出正常范围: 350.25°C，但允许通过
[2026-04-12T02:34:32.777Z] [WARNING] 最高温度数组[5][2]超出正常范围: 256.25°C，但允许通过
[2026-04-12T02:34:32.777Z] [WARNING] 最高温度数组[6][6]超出正常范围: -128°C，但允许通过
[2026-04-12T02:34:32.778Z] [WARNING] 最高温度数组[4][5]超出正常范围: -512°C，但允许通过
[2026-04-12T02:34:32.778Z] [WARNING] 最高温度数组[7][3]超出正常范围: 482.75°C，但允许通过
[2026-04-12T02:34:32.778Z] [WARNING] 最高温度数组[5][2]超出正常范围: 256.25°C，但允许通过
[2026-04-12T02:34:32.778Z] [WARNING] 最高温度数组[5][1]超出正常范围: -512°C，但允许通过
[2026-04-12T02:34:32.778Z] [WARNING] 最高温度数组[7][6]超出正常范围: -305.5°C，但允许通过
[2026-04-12T02:34:32.778Z] [WARNING] 最高温度数组[4][6]超出正常范围: -294.25°C，但允许通过
[2026-04-12T02:34:32.778Z] [WARNING] 最高温度数组[7][2]超出正常范围: -211.75°C，但允许通过
[2026-04-12T02:34:32.779Z] [WARNING] 最高温度数组[4][5]超出正常范围: -512°C，但允许通过
[2026-04-12T02:34:32.779Z] [WARNING] 最高温度数组[6][0]超出正常范围: 465.5°C，但允许通过
[2026-04-12T02:34:32.779Z] [WARNING] 最高温度数组[7][2]超出正常范围: 329.25°C，但允许通过
[2026-04-12T02:34:32.779Z] [WARNING] 最高温度数组[5][2]超出正常范围: 256.25°C，但允许通过
[2026-04-12T02:34:32.779Z] [WARNING] 最高温度数组[7][6]超出正常范围: 244.5°C，但允许通过
[2026-04-12T02:34:32.779Z] [WARNING] 最高温度数组[6][0]超出正常范围: -132°C，但允许通过
[2026-04-12T02:34:32.779Z] [WARNING] 最高温度数组[6][0]超出正常范围: 439.25°C，但允许通过
[2026-04-12T02:34:32.780Z] [WARNING] 最高温度数组[4][7]超出正常范围: 335.25°C，但允许通过
[2026-04-12T02:34:32.780Z] [WARNING] 最高温度数组[7][3]超出正常范围: -512°C，但允许通过
[2026-04-12T02:34:32.780Z] [WARNING] 最高温度数组[5][2]超出正常范围: 256.25°C，但允许通过
[2026-04-12T02:34:32.780Z] [WARNING] 最高温度数组[6][1]超出正常范围: 439.25°C，但允许通过
[2026-04-12T02:34:32.780Z] [WARNING] 最高温度数组[7][3]超出正常范围: 309.5°C，但允许通过
[2026-04-12T02:34:32.780Z] [WARNING] 最高温度数组[6][0]超出正常范围: 465.5°C，但允许通过
[2026-04-12T02:34:32.781Z] [WARNING] 最高温度数组[6][1]超出正常范围: -334.25°C，但允许通过
[2026-04-12T02:34:32.781Z] [WARNING] 最高温度数组[6][3]超出正常范围: 464°C，但允许通过
[2026-04-12T02:34:32.781Z] [WARNING] 最高温度数组[5][2]超出正常范围: -294.25°C，但允许通过
[2026-04-12T02:34:32.781Z] [WARNING] 最高温度数组[7][4]超出正常范围: -380.5°C，但允许通过
[2026-04-12T02:34:32.781Z] [WARNING] 最高温度数组[6][0]超出正常范围: -132°C，但允许通过
[2026-04-12T02:34:32.782Z] [WARNING] 最高温度数组[7][0]超出正常范围: -101°C，但允许通过
[2026-04-12T02:34:32.782Z] [WARNING] 最高温度数组[6][1]超出正常范围: 439.25°C，但允许通过
[2026-04-12T02:34:32.782Z] [WARNING] 最高温度数组[6][6]超出正常范围: 256°C，但允许通过
[2026-04-12T02:34:32.782Z] [WARNING] 最高温度数组[6][5]超出正常范围: 464°C，但允许通过
[2026-04-12T02:34:32.782Z] [WARNING] 最高温度数组[5][3]超出正常范围: 335.25°C，但允许通过
[2026-04-12T02:34:32.783Z] [WARNING] 最高温度数组[7][5]超出正常范围: -512°C，但允许通过
[2026-04-12T02:34:32.783Z] [WARNING] 最高温度数组[6][1]超出正常范围: -334.25°C，但允许通过
[2026-04-12T02:34:32.783Z] [WARNING] 最高温度数组[7][2]超出正常范围: 324.25°C，但允许通过
[2026-04-12T02:34:32.783Z] [WARNING] 最高温度数组[7][0]超出正常范围: -101°C，但允许通过
[2026-04-12T02:34:32.783Z] [WARNING] 最高温度数组[7][2]超出正常范围: -294.25°C，但允许通过
[2026-04-12T02:34:32.783Z] [WARNING] 最高温度数组[6][7]超出正常范围: 459.25°C，但允许通过
[2026-04-12T02:34:32.784Z] [WARNING] 最高温度数组[6][2]超出正常范围: -311.25°C，但允许通过
[2026-04-12T02:34:32.784Z] [WARNING] 最高温度数组[6][6]超出正常范围: 256°C，但允许通过
[2026-04-12T02:34:32.784Z] [WARNING] 最高温度数组[7][2]超出正常范围: 324.25°C，但允许通过
[2026-04-12T02:34:32.784Z] [WARNING] 最高温度数组[7][3]超出正常范围: 335.25°C，但允许通过
[2026-04-12T02:34:32.785Z] [WARNING] 最高温度数组[7][1]超出正常范围: -512°C，但允许通过
[2026-04-12T02:34:32.785Z] [WARNING] 最高温度数组[6][3]超出正常范围: 491.75°C，但允许通过
[2026-04-12T02:34:32.785Z] [WARNING] 最高温度数组[7][2]超出正常范围: -294.25°C，但允许通过
[2026-04-12T02:34:32.786Z] [WARNING] 最高温度数组[7][6]超出正常范围: -355.5°C，但允许通过
[2026-04-12T02:34:32.786Z] [WARNING] 最高温度数组[7][6]超出正常范围: -155.5°C，但允许通过
[2026-04-12T02:34:32.786Z] [WARNING] 最高温度数组[6][5]超出正常范围: -512°C，但允许通过
[2026-04-12T02:34:32.786Z] [WARNING] 最高温度数组[7][3]超出正常范围: 335.25°C，但允许通过
[2026-04-12T02:34:32.787Z] [WARNING] 最高温度数组[6][6]超出正常范围: 439°C，但允许通过
[2026-04-12T02:34:32.787Z] [WARNING] 最高温度数组[7][6]超出正常范围: -205.5°C，但允许通过
[2026-04-12T02:34:32.787Z] [WARNING] 最高温度数组[6][7]超出正常范围: -512°C，但允许通过
[2026-04-12T02:34:32.788Z] [WARNING] 最高温度数组[7][2]超出正常范围: -294.25°C，但允许通过
[2026-04-12T02:34:32.788Z] [WARNING] 最高温度数组[7][3]超出正常范围: 335.25°C，但允许通过
[2026-04-12T02:34:32.788Z] [WARNING] 最高温度数组[7][6]超出正常范围: -455.5°C，但允许通过
[2026-04-12T02:34:32.794Z] [WARNING] 异常原始数据已保存到: /home/kic/project/ai-project/socket/data/raw/2026-04-12.json
[2026-04-12T02:34:32.796Z] [WARNING] 异常原始数据已保存到: /home/kic/project/ai-project/socket/data/raw/2026-04-12.json
[2026-04-12T02:34:32.796Z] [WARNING] 异常原始数据已保存到: /home/kic/project/ai-project/socket/data/raw/2026-04-12.json
[2026-04-12T02:34:32.797Z] [WARNING] 异常原始数据已保存到: /home/kic/project/ai-project/socket/data/raw/2026-04-12.json
[2026-04-12T02:34:32.797Z] [WARNING] 异常原始数据已保存到: /home/kic/project/ai-project/socket/data/raw/2026-04-12.json
[2026-04-12T02:34:32.797Z] [WARNING] 异常原始数据已保存到: /home/kic/project/ai-project/socket/data/raw/2026-04-12.json
[2026-04-12T02:34:32.797Z] [WARNING] 异常原始数据已保存到: /home/kic/project/ai-project/socket/data/raw/2026-04-12.json
[2026-04-12T02:34:32.798Z] [WARNING] 异常原始数据已保存到: /home/kic/project/ai-project/socket/data/raw/2026-04-12.json
[2026-04-12T02:34:32.798Z] [WARNING] 异常原始数据已保存到: /home/kic/project/ai-project/socket/data/raw/2026-04-12.json
[2026-04-12T02:34:32.798Z] [WARNING] 异常原始数据已保存到: /home/kic/project/ai-project/socket/data/raw/2026-04-12.json
[2026-04-12T02:34:32.799Z] [WARNING] 异常处理数据已保存到: /home/kic/project/ai-project/socket/data/processed/2026-04-12.json
[2026-04-12T02:34:32.802Z] [WARNING] 异常处理数据已保存到: /home/kic/project/ai-project/socket/data/processed/2026-04-12.json
[2026-04-12T02:34:32.802Z] [WARNING] 异常处理数据已保存到: /home/kic/project/ai-project/socket/data/processed/2026-04-12.json
[2026-04-12T02:34:32.802Z] [WARNING] 异常处理数据已保存到: /home/kic/project/ai-project/socket/data/processed/2026-04-12.json
[2026-04-12T02:34:32.802Z] [WARNING] 异常处理数据已保存到: /home/kic/project/ai-project/socket/data/processed/2026-04-12.json
[2026-04-12T02:34:32.802Z] [WARNING] 异常处理数据已保存到: /home/kic/project/ai-project/socket/data/processed/2026-04-12.json
[2026-04-12T02:34:32.802Z] [WARNING] 异常处理数据已保存到: /home/kic/project/ai-project/socket/data/processed/2026-04-12.json
[2026-04-12T02:34:32.802Z] [WARNING] 异常处理数据已保存到: /home/kic/project/ai-project/socket/data/processed/2026-04-12.json
[2026-04-12T02:34:32.803Z] [WARNING] 异常处理数据已保存到: /home/kic/project/ai-project/socket/data/processed/2026-04-12.json
[2026-04-12T02:34:32.803Z] [WARNING] 异常处理数据已保存到: /home/kic/project/ai-project/socket/data/processed/2026-04-12.json
